2012-09-25 19:57:11|netdisk.functions.php|ndasDeviceIsWritable|mkdir: cannot create directory `/var/www//web-ui/ndas-44809965-1': File exists2012-09-25 19:59:41|netdisk.functions.php|ndasDeviceIsWritable|mkdir: cannot create directory `/var/www/web-ui/ndas-44809965-1': File exists
2012-09-25 20:03:47|netdisk.functions.php|ndasDeviceIsWritable|mkdir: cannot create directory `/var/www/web-ui/ndas-44809965-1': File exists
2012-09-25 20:06:39|netdisk.functions.php|ndasDeviceIsWritable|mkdir: cannot create directory `/var/www/web-ui/ndas-44809965-1': File exists
2012-09-25 20:07:47|netdisk.functions.php|ndasDeviceIsWritable|mkdir: cannot create directory `/var/www/web-ui/ndas-44809965-1': File exists
2012-09-25 20:07:47|netdisk.functions.php|ndasDeviceIsWritable|No partitons on ndas-44809965-1
2012-09-25 20:09:54|netdisk.functions.php|ndasDeviceIsWritable|mkdir: cannot create directory `/var/www/web-ui/ndas-44809965-1': File exists
2012-09-25 20:13:19|netdisk.functions.php|ndasDeviceIsWritable|mkdir: cannot create directory `/var/www/web-ui/ndas-44809965-1': File exists
2012-09-25 20:14:15|netdisk.functions.php|ndasDeviceIsWritable|mkdir: cannot create directory `/var/www/web-ui/ndas-44809965-1': File exists
2012-09-25 21:09:34|netdisk.functions.php|ndasDeviceIsWritable|1|mkdir: cannot create directory `/var/www/web-ui/ndas-44809965-1': File exists
2012-09-25 21:11:08|netdisk.functions.php|ndasDeviceIsWritable|1|mkdir: cannot create directory `/var/www/web-ui/ndas-44809965-1': File exists
2012-09-25 21:13:08|netdisk.functions.php|ndasDeviceIsWritable|1|mkdir: cannot create directory `/var/www/web-ui/ndas-44809965-1': File exists
2012-09-25 21:22:07|netdisk.functions.php|ndasDeviceIsWritable|1|mkdir: cannot create directory `/var/www/web-ui/ndas-44809965-1': File exists
2012-09-25 21:23:04|netdisk.functions.php|ndasDeviceIsWritable|1|mkdir: cannot create directory `/var/www/web-ui/ndas-44809965-1': File exists
2012-09-25 21:23:04|netdisk.functions.php|ndasDeviceIsWritable|4|return: 19|ntfs
2012-09-25 23:26:46|netdisk.functions.php|ndasDeviceIsWritable|mount|ext3
2012-09-25 23:28:59|netdisk.functions.php|ndasDeviceIsWritable|mount|ext3
2012-09-25 23:36:04|netdisk.functions.php|ndasDeviceIsWritable|mount|sh: 1: /usr/bin/mount: not found
2012-09-25 23:38:03|netdisk.functions.php|ndasDeviceIsWritable|mount|sh: 1: /usr/bin/mount: not found
2012-09-25 23:39:20|netdisk.functions.php|ndasDeviceIsWritable|mount|mount: only root can do that
2012-09-25 23:48:50|netdisk.functions.php|ndasDeviceIsWritable|mount|mount: block device /dev/ndas-44700486-0p1 is write-protected but explicit `-w' flag given
2012-09-25 23:50:17|netdisk.functions.php|ndasDeviceIsWritable|mount|mount: block device /dev/ndas-44700486-0p1 is write-protected but explicit `-w' flag given
2012-09-26 10:04:08|netdisk.functions.php|ndasDeviceIsWritable|mount|mount: block device /dev/ndas-44700486-0p1 is write-protected but explicit `-w' flag given
2012-09-26 10:32:08|netdisk.functions.php|ndasDeviceIsWritable|mount|mount: block device /dev/ndas-44700486-0p1 is write-protected but explicit `-w' flag given
2012-09-26 10:32:08|netdisk.functions.php|ndasDeviceIsWritable|umount|umount: /dev/ndas-44700486-0p1: not mounted
2012-09-26 11:04:51|netdisk.functions.php|ndasDeviceIsWritable|mount|Usage: mount -V                 : print version
2012-09-26 11:04:51|netdisk.functions.php|ndasDeviceIsWritable|mount|       mount -h                 : print this help
2012-09-26 11:04:51|netdisk.functions.php|ndasDeviceIsWritable|mount|       mount                    : list mounted filesystems
2012-09-26 11:04:51|netdisk.functions.php|ndasDeviceIsWritable|mount|       mount -l                 : idem, including volume labels
2012-09-26 11:04:51|netdisk.functions.php|ndasDeviceIsWritable|mount|So far the informational part. Next the mounting.
2012-09-26 11:04:51|netdisk.functions.php|ndasDeviceIsWritable|mount|The command is `mount [-t fstype] something somewhere'.
2012-09-26 11:04:51|netdisk.functions.php|ndasDeviceIsWritable|mount|Details found in /etc/fstab may be omitted.
2012-09-26 11:04:51|netdisk.functions.php|ndasDeviceIsWritable|mount|       mount -a [-t|-O] ...     : mount all stuff from /etc/fstab
2012-09-26 11:04:51|netdisk.functions.php|ndasDeviceIsWritable|mount|       mount device             : mount device at the known place
2012-09-26 11:04:51|netdisk.functions.php|ndasDeviceIsWritable|mount|       mount directory          : mount known device here
2012-09-26 11:04:51|netdisk.functions.php|ndasDeviceIsWritable|mount|       mount -t type dev dir    : ordinary mount command
2012-09-26 11:04:51|netdisk.functions.php|ndasDeviceIsWritable|mount|Note that one does not really mount a device, one mounts
2012-09-26 11:04:51|netdisk.functions.php|ndasDeviceIsWritable|mount|a filesystem (of the given type) found on the device.
2012-09-26 11:04:51|netdisk.functions.php|ndasDeviceIsWritable|mount|One can also mount an already visible directory tree elsewhere:
2012-09-26 11:04:51|netdisk.functions.php|ndasDeviceIsWritable|mount|       mount --bind olddir newdir
2012-09-26 11:04:51|netdisk.functions.php|ndasDeviceIsWritable|mount|or move a subtree:
2012-09-26 11:04:51|netdisk.functions.php|ndasDeviceIsWritable|mount|       mount --move olddir newdir
2012-09-26 11:04:51|netdisk.functions.php|ndasDeviceIsWritable|mount|One can change the type of mount containing the directory dir:
2012-09-26 11:04:51|netdisk.functions.php|ndasDeviceIsWritable|mount|       mount --make-shared dir
2012-09-26 11:04:51|netdisk.functions.php|ndasDeviceIsWritable|mount|       mount --make-slave dir
2012-09-26 11:04:51|netdisk.functions.php|ndasDeviceIsWritable|mount|       mount --make-private dir
2012-09-26 11:04:51|netdisk.functions.php|ndasDeviceIsWritable|mount|       mount --make-unbindable dir
2012-09-26 11:04:51|netdisk.functions.php|ndasDeviceIsWritable|mount|One can change the type of all the mounts in a mount subtree
2012-09-26 11:04:51|netdisk.functions.php|ndasDeviceIsWritable|mount|containing the directory dir:
2012-09-26 11:04:51|netdisk.functions.php|ndasDeviceIsWritable|mount|       mount --make-rshared dir
2012-09-26 11:04:51|netdisk.functions.php|ndasDeviceIsWritable|mount|       mount --make-rslave dir
2012-09-26 11:04:51|netdisk.functions.php|ndasDeviceIsWritable|mount|       mount --make-rprivate dir
2012-09-26 11:04:51|netdisk.functions.php|ndasDeviceIsWritable|mount|       mount --make-runbindable dir
2012-09-26 11:04:51|netdisk.functions.php|ndasDeviceIsWritable|mount|A device can be given by name, say /dev/hda1 or /dev/cdrom,
2012-09-26 11:04:51|netdisk.functions.php|ndasDeviceIsWritable|mount|or by label, using  -L label  or by uuid, using  -U uuid .
2012-09-26 11:04:51|netdisk.functions.php|ndasDeviceIsWritable|mount|Other options: [-nfFrsvw] [-o options] [-p passwdfd].
2012-09-26 11:04:51|netdisk.functions.php|ndasDeviceIsWritable|mount|For many more details, say  man 8 mount .
2012-09-26 11:04:51|netdisk.functions.php|ndasDeviceIsWritable|rmdir|web user could not remove temp directory with php mkdir.
2012-09-26 11:06:57|netdisk.functions.php|ndasDeviceIsWritable|umount|umount: /dev/ndas-44700486-0p1: not mounted
2012-09-26 11:06:57|netdisk.functions.php|ndasDeviceIsWritable|rmdir|temp dir is not empty.
2012-09-26 11:12:21|netdisk.functions.php|ndasDeviceIsWritable|mkdir|attempted to mount ndas device to non-empty directory.
2012-09-26 12:16:38|netdisk.functions.php|isNdasDeviceEnabledRwOrRo|ntfs-3g.probe|returned: 11|/dev/ndas-44809965-1
2012-09-26 12:17:28|netdisk.functions.php|isNdasDeviceEnabledRwOrRo|ntfs-3g.probe|returned: 19|/dev/ndas-44809965-1
2012-09-26 12:19:59|netdisk.functions.php|isNdasDeviceEnabledRwOrRo|ntfs-3g.probe|returned: 19|/dev/ndas-44809965-1
2012-09-26 12:19:59|netdisk.functions.php|isNdasDeviceEnabledRwOrRo|ntfs-3g.probe|returned: 19|/dev/ndas-44700486-0
2012-09-26 12:25:08|netdisk.functions.php|isNdasDeviceEnabledRwOrRo|ntfs-3g.probe|returned: 19|/dev/ndas-44809965-1
2012-09-26 12:25:08|netdisk.functions.php|isNdasDeviceEnabledRwOrRo|ntfs-3g.probe|returned: 19|/dev/ndas-44700486-0
2012-09-26 12:26:25|netdisk.functions.php|isNdasDeviceEnabledRwOrRo|ntfs-3g.probe|returned: 19|/dev/ndas-44809965-1
2012-09-26 12:26:25|netdisk.functions.php|isNdasDeviceEnabledRwOrRo|ntfs-3g.probe|returned: 19|/dev/ndas-44700486-0
2012-09-26 12:34:58|netdisk.functions.php|isNdasDeviceEnabledRwOrRo|ntfs-3g.probe|returned: 19|/dev/ndas-44809965-1
2012-09-26 12:34:58|netdisk.functions.php|isNdasDeviceEnabledRwOrRo|ntfs-3g.probe|returned: 19|/dev/ndas-44700486-0
2012-09-26 12:38:58|netdisk.functions.php|isNdasDeviceEnabledRwOrRo|ntfs-3g.probe|returned: 19|/dev/ndas-44809965-1
2012-09-26 12:38:58|netdisk.functions.php|isNdasDeviceEnabledRwOrRo|ntfs-3g.probe|returned: 19|/dev/ndas-44700486-0
2012-09-26 16:46:05|netdisk.functions.php|ndasDeviceIsWritable|ntfs-3g.probe|return: 19|user has no permission for this tool
2012-09-26 16:46:05|netdisk.functions.php|ndasDeviceIsWritable|ntfs-3g.probe|return: 19|user has no permission for this tool
2012-09-26 16:46:05|netdisk.functions.php|ndasDeviceIsWritable|ntfs-3g.probe|return: 19|user has no permission for this tool
2012-09-26 16:49:22|netdisk.functions.php|isNdasDeviceEnabledRwOrRo|ntfs-3g.probe|returned: 18|/dev/ndas-44809965-1
2012-09-26 16:49:22|netdisk.functions.php|isNdasDeviceEnabledRwOrRo|ntfs-3g.probe|returned: 12|/dev/ndas-44700486-0
2012-09-26 19:10:33|netdisk.functions.php|isNdasDeviceEnabledRwOrRo|ntfs-3g.probe|returned: 18|/dev/ndas-44809965-1
2012-09-26 19:10:33|netdisk.functions.php|isNdasDeviceEnabledRwOrRo|ntfs-3g.probe|returned: 12|/dev/ndas-44700486-0
2012-09-26 19:15:57|netdisk.functions.php|isNdasDeviceEnabledRwOrRo|ntfs-3g.probe|returned: 18|/dev/ndas-44809965-1
2012-09-26 19:15:57|netdisk.functions.php|isNdasDeviceEnabledRwOrRo|ntfs-3g.probe|returned: 18|Error opening '/dev/ndas-44809965-1': Read-only file system
2012-09-26 19:15:57|netdisk.functions.php|isNdasDeviceEnabledRwOrRo|ntfs-3g.probe|returned: 12|/dev/ndas-44700486-0
2012-09-26 19:15:57|netdisk.functions.php|isNdasDeviceEnabledRwOrRo|ntfs-3g.probe|returned: 12|NTFS signature is missing.
2012-09-26 19:16:37|netdisk.functions.php|isNdasDeviceEnabledRwOrRo|ntfs-3g.probe|returned: 18|/dev/ndas-44809965-1
2012-09-26 19:16:37|netdisk.functions.php|isNdasDeviceEnabledRwOrRo|ntfs-3g.probe|returned: 18|Error opening '/dev/ndas-44809965-1': Read-only file system
2012-09-26 19:16:38|netdisk.functions.php|isNdasDeviceEnabledRwOrRo|ntfs-3g.probe|returned: 12|/dev/ndas-44700486-0
2012-09-26 19:16:38|netdisk.functions.php|isNdasDeviceEnabledRwOrRo|ntfs-3g.probe|returned: 12|NTFS signature is missing.
2012-09-26 19:21:40|netdisk.functions.php|isNdasDeviceEnabledRwOrRo|ntfs-3g.probe|returned: 18|/dev/ndas-44809965-1
2012-09-26 19:21:40|netdisk.functions.php|isNdasDeviceEnabledRwOrRo|ntfs-3g.probe|returned: 18|Error opening '/dev/ndas-44809965-1': Read-only file system
2012-09-26 19:21:40|netdisk.functions.php|isNdasDeviceEnabledRwOrRo|ntfs-3g.probe|returned: 12|/dev/ndas-44700486-0
2012-09-26 19:21:40|netdisk.functions.php|isNdasDeviceEnabledRwOrRo|ntfs-3g.probe|returned: 12|NTFS signature is missing.
2012-09-26 19:24:33|netdisk.functions.php|isNdasDeviceEnabledRwOrRo|ntfs-3g.probe|returned: 18|/dev/ndas-44809965-1
2012-09-26 19:24:33|netdisk.functions.php|isNdasDeviceEnabledRwOrRo|ntfs-3g.probe|returned: 18|Error opening '/dev/ndas-44809965-1': Read-only file system
2012-09-26 19:24:33|netdisk.functions.php|isNdasDeviceEnabledRwOrRo|ntfs-3g.probe|returned: 12|/dev/ndas-44700486-0
2012-09-26 19:24:33|netdisk.functions.php|isNdasDeviceEnabledRwOrRo|ntfs-3g.probe|returned: 12|NTFS signature is missing.
2012-09-26 19:24:36|netdisk.functions.php|isNdasDeviceEnabledRwOrRo|ntfs-3g.probe|returned: 18|/dev/ndas-44809965-1
2012-09-26 19:24:36|netdisk.functions.php|isNdasDeviceEnabledRwOrRo|ntfs-3g.probe|returned: 18|Error opening '/dev/ndas-44809965-1': Read-only file system
2012-09-26 19:24:36|netdisk.functions.php|isNdasDeviceEnabledRwOrRo|ntfs-3g.probe|returned: 12|/dev/ndas-44700486-0
2012-09-26 19:24:36|netdisk.functions.php|isNdasDeviceEnabledRwOrRo|ntfs-3g.probe|returned: 12|NTFS signature is missing.
2012-09-26 19:26:36|netdisk.functions.php|isNdasDeviceEnabledRwOrRo|ntfs-3g.probe|returned: 18|/dev/ndas-44809965-1
2012-09-26 19:26:36|netdisk.functions.php|isNdasDeviceEnabledRwOrRo|ntfs-3g.probe|returned: 18|Error opening '/dev/ndas-44809965-1': Read-only file system
2012-09-26 19:26:36|netdisk.functions.php|isNdasDeviceEnabledRwOrRo|ntfs-3g.probe|returned: 12|/dev/ndas-44700486-0
2012-09-26 19:26:36|netdisk.functions.php|isNdasDeviceEnabledRwOrRo|ntfs-3g.probe|returned: 12|NTFS signature is missing.
2012-09-26 19:27:13|netdisk.functions.php|isNdasDeviceEnabledRwOrRo|ntfs-3g.probe|returned: 18|/dev/ndas-44809965-1
2012-09-26 19:27:13|netdisk.functions.php|isNdasDeviceEnabledRwOrRo|ntfs-3g.probe|returned: 18|Error opening '/dev/ndas-44809965-1': Read-only file system
2012-09-26 19:27:13|netdisk.functions.php|isNdasDeviceEnabledRwOrRo|ntfs-3g.probe|returned: 12|/dev/ndas-44700486-0
2012-09-26 19:27:13|netdisk.functions.php|isNdasDeviceEnabledRwOrRo|ntfs-3g.probe|returned: 12|NTFS signature is missing.
2012-09-26 19:28:03|netdisk.functions.php|isNdasDeviceEnabledRwOrRo|ntfs-3g.probe|returned: 18|/dev/ndas-44809965-1
2012-09-26 19:28:03|netdisk.functions.php|isNdasDeviceEnabledRwOrRo|ntfs-3g.probe|returned: 18|Error opening '/dev/ndas-44809965-1': Read-only file system
2012-09-26 19:28:03|netdisk.functions.php|isNdasDeviceEnabledRwOrRo|ntfs-3g.probe|returned: 12|/dev/ndas-44700486-0
2012-09-26 19:28:03|netdisk.functions.php|isNdasDeviceEnabledRwOrRo|ntfs-3g.probe|returned: 12|NTFS signature is missing.
2012-09-26 19:30:08|netdisk.functions.php|ndasDeviceIsWritable|ntfs-3g.probe|return: 18|Error opening '/dev/ndas-44809965-1p1': Read-only file system
2012-09-26 19:30:08|netdisk.functions.php|isNdasDeviceEnabledRwOrRo|ntfs-3g.probe|returned: 18|/dev/ndas-44809965-1
2012-09-26 19:30:08|netdisk.functions.php|isNdasDeviceEnabledRwOrRo|ntfs-3g.probe|returned: 18|Error opening '/dev/ndas-44809965-1': Read-only file system
2012-09-26 19:30:08|netdisk.functions.php|isNdasDeviceEnabledRwOrRo|ntfs-3g.probe|returned: 12|/dev/ndas-44700486-0
2012-09-26 19:30:08|netdisk.functions.php|isNdasDeviceEnabledRwOrRo|ntfs-3g.probe|returned: 12|NTFS signature is missing.
2012-09-26 19:30:25|netdisk.functions.php|ndasDeviceIsWritable|ntfs-3g.probe|return: 18|Error opening '/dev/ndas-44809965-1p1': Read-only file system
2012-09-26 19:30:25|netdisk.functions.php|isNdasDeviceEnabledRwOrRo|ntfs-3g.probe|returned: 18|/dev/ndas-44809965-1
2012-09-26 19:30:25|netdisk.functions.php|isNdasDeviceEnabledRwOrRo|ntfs-3g.probe|returned: 18|Error opening '/dev/ndas-44809965-1': Read-only file system
2012-09-26 19:30:25|netdisk.functions.php|isNdasDeviceEnabledRwOrRo|ntfs-3g.probe|returned: 12|/dev/ndas-44700486-0
2012-09-26 19:30:25|netdisk.functions.php|isNdasDeviceEnabledRwOrRo|ntfs-3g.probe|returned: 12|NTFS signature is missing.
2012-09-26 19:31:02|netdisk.functions.php|ndasDeviceIsWritable|ntfs-3g.probe|return: 18|Error opening '/dev/ndas-44809965-1p1': Read-only file system
2012-09-26 19:31:02|netdisk.functions.php|isNdasDeviceEnabledRwOrRo|ntfs-3g.probe|returned: 18|/dev/ndas-44809965-1
2012-09-26 19:31:02|netdisk.functions.php|isNdasDeviceEnabledRwOrRo|ntfs-3g.probe|returned: 18|Error opening '/dev/ndas-44809965-1': Read-only file system
2012-09-26 19:31:02|netdisk.functions.php|isNdasDeviceEnabledRwOrRo|ntfs-3g.probe|returned: 12|/dev/ndas-44700486-0
2012-09-26 19:31:02|netdisk.functions.php|isNdasDeviceEnabledRwOrRo|ntfs-3g.probe|returned: 12|NTFS signature is missing.
2012-09-26 19:53:01|netdisk.functions.php|ndasDeviceIsWritable|ntfs-3g.probe|return: 18|Error opening '/dev/ndas-44809965-1p1': Read-only file system
2012-09-26 19:53:01|netdisk.functions.php|isNdasDeviceEnabledRwOrRo|ntfs-3g.probe|returned: 18|/dev/ndas-44809965-1
2012-09-26 19:53:01|netdisk.functions.php|isNdasDeviceEnabledRwOrRo|ntfs-3g.probe|returned: 18|Error opening '/dev/ndas-44809965-1': Read-only file system
2012-09-26 19:53:01|netdisk.functions.php|isNdasDeviceEnabledRwOrRo|ntfs-3g.probe|returned: 12|/dev/ndas-44700486-0
2012-09-26 19:53:01|netdisk.functions.php|isNdasDeviceEnabledRwOrRo|ntfs-3g.probe|returned: 12|NTFS signature is missing.
2012-09-26 19:53:02|netdisk.functions.php|isNdasDeviceEnabledRwOrRo|ntfs-3g.probe|returned: 18|/dev/ndas-44809965-1
2012-09-26 19:53:02|netdisk.functions.php|isNdasDeviceEnabledRwOrRo|ntfs-3g.probe|returned: 18|Error opening '/dev/ndas-44809965-1': Read-only file system
2012-09-26 19:53:02|netdisk.functions.php|isNdasDeviceEnabledRwOrRo|ntfs-3g.probe|returned: 12|/dev/ndas-44700486-0
2012-09-26 19:53:02|netdisk.functions.php|isNdasDeviceEnabledRwOrRo|ntfs-3g.probe|returned: 12|NTFS signature is missing.
2012-09-26 19:53:55|netdisk.functions.php|isNdasDeviceEnabledRwOrRo|ntfs-3g.probe|returned: 18|/dev/ndas-44809965-1
2012-09-26 19:53:55|netdisk.functions.php|isNdasDeviceEnabledRwOrRo|ntfs-3g.probe|returned: 18|Error opening '/dev/ndas-44809965-1': Read-only file system
2012-09-26 19:53:55|netdisk.functions.php|isNdasDeviceEnabledRwOrRo|ntfs-3g.probe|returned: 12|/dev/ndas-44700486-0
2012-09-26 19:53:55|netdisk.functions.php|isNdasDeviceEnabledRwOrRo|ntfs-3g.probe|returned: 12|NTFS signature is missing.
2012-09-26 19:54:22|netdisk.functions.php|isNdasDeviceEnabledRwOrRo|ntfs-3g.probe|returned: 18|/dev/ndas-44809965-0
2012-09-26 19:54:22|netdisk.functions.php|isNdasDeviceEnabledRwOrRo|ntfs-3g.probe|returned: 18|Error opening '/dev/ndas-44809965-0': Read-only file system
2012-09-26 19:54:22|netdisk.functions.php|isNdasDeviceEnabledRwOrRo|ntfs-3g.probe|returned: 18|/dev/ndas-44809965-1
2012-09-26 19:54:22|netdisk.functions.php|isNdasDeviceEnabledRwOrRo|ntfs-3g.probe|returned: 18|Error opening '/dev/ndas-44809965-1': Read-only file system
2012-09-26 19:54:22|netdisk.functions.php|isNdasDeviceEnabledRwOrRo|ntfs-3g.probe|returned: 12|/dev/ndas-44700486-0
2012-09-26 19:54:22|netdisk.functions.php|isNdasDeviceEnabledRwOrRo|ntfs-3g.probe|returned: 12|NTFS signature is missing.
2012-09-26 19:54:36|netdisk.functions.php|isNdasDeviceEnabledRwOrRo|ntfs-3g.probe|returned: 18|/dev/ndas-44809965-1
2012-09-26 19:54:36|netdisk.functions.php|isNdasDeviceEnabledRwOrRo|ntfs-3g.probe|returned: 18|Error opening '/dev/ndas-44809965-1': Read-only file system
2012-09-26 19:54:36|netdisk.functions.php|isNdasDeviceEnabledRwOrRo|ntfs-3g.probe|returned: 12|/dev/ndas-44700486-0
2012-09-26 19:54:36|netdisk.functions.php|isNdasDeviceEnabledRwOrRo|ntfs-3g.probe|returned: 12|NTFS signature is missing.
2012-09-26 19:54:46|netdisk.functions.php|isNdasDeviceEnabledRwOrRo|ntfs-3g.probe|returned: 12|/dev/ndas-44700486-0
2012-09-26 19:54:46|netdisk.functions.php|isNdasDeviceEnabledRwOrRo|ntfs-3g.probe|returned: 12|NTFS signature is missing.
2012-09-26 19:55:03|netdisk.functions.php|isNdasDeviceEnabledRwOrRo|ntfs-3g.probe|returned: 12|/dev/ndas-44700486-0
2012-09-26 19:55:03|netdisk.functions.php|isNdasDeviceEnabledRwOrRo|ntfs-3g.probe|returned: 12|NTFS signature is missing.
2012-09-26 19:59:07|netdisk.functions.php|isNdasDeviceEnabledRwOrRo|ntfs-3g.probe|returned: 12|/dev/ndas-44700486-0
2012-09-26 19:59:07|netdisk.functions.php|isNdasDeviceEnabledRwOrRo|ntfs-3g.probe|returned: 12|NTFS signature is missing.
2012-09-26 20:26:37|netdisk.functions.php|isNdasDeviceEnabledRwOrRo|ntfs-3g.probe|returned: 12|/dev/ndas-44700486-0
2012-09-26 20:26:37|netdisk.functions.php|isNdasDeviceEnabledRwOrRo|ntfs-3g.probe|returned: 12|NTFS signature is missing.
2012-09-26 20:28:28|netdisk.functions.php|isNdasDeviceEnabledRwOrRo|ntfs-3g.probe|returned: 12|/dev/ndas-44700486-0
2012-09-26 20:28:28|netdisk.functions.php|isNdasDeviceEnabledRwOrRo|ntfs-3g.probe|returned: 12|NTFS signature is missing.
2012-09-26 20:29:39|netdisk.functions.php|isNdasDeviceEnabledRwOrRo|ntfs-3g.probe|returned: 12|/dev/ndas-44700486-0
2012-09-26 20:29:39|netdisk.functions.php|isNdasDeviceEnabledRwOrRo|ntfs-3g.probe|returned: 12|NTFS signature is missing.
2012-09-26 20:44:51|netdisk.functions.php|isNdasDeviceEnabledRwOrRo|ntfs-3g.probe|returned: 12|/dev/ndas-44700486-0
2012-09-26 20:44:51|netdisk.functions.php|isNdasDeviceEnabledRwOrRo|ntfs-3g.probe|returned: 12|NTFS signature is missing.
2012-09-26 20:44:51|netdisk.functions.php|isNdasBlockDeviceWritable|mkdir|web user could not make temp directory with php mkdir.
2012-09-26 20:48:29|netdisk.functions.php|isNdasDeviceEnabledRwOrRo|ntfs-3g.probe|returned: 12|/dev/ndas-44700486-0
2012-09-26 20:48:29|netdisk.functions.php|isNdasDeviceEnabledRwOrRo|ntfs-3g.probe|returned: 12|NTFS signature is missing.
2012-09-26 20:48:29|netdisk.functions.php|isNdasBlockDeviceWritable|mkdir|web user could not mkdir(/var/www/web-ui//dev/ndas-44700486-0p1).
2012-09-26 20:48:53|netdisk.functions.php|isNdasDeviceEnabledRwOrRo|ntfs-3g.probe|returned: 12|/dev/ndas-44700486-0
2012-09-26 20:48:53|netdisk.functions.php|isNdasDeviceEnabledRwOrRo|ntfs-3g.probe|returned: 12|NTFS signature is missing.
2012-09-26 20:48:53|netdisk.functions.php|isNdasBlockDeviceWritable|mkdir|web user could not mkdir(/var/www/web-ui/dev/ndas-44700486-0p1).
2012-09-26 20:52:34|netdisk.functions.php|isNdasDeviceEnabledRwOrRo|ntfs-3g.probe|returned: 12|/dev/ndas-44700486-0
2012-09-26 20:52:34|netdisk.functions.php|isNdasDeviceEnabledRwOrRo|ntfs-3g.probe|returned: 12|NTFS signature is missing.
2012-09-26 20:52:56|netdisk.functions.php|isNdasDeviceEnabledRwOrRo|ntfs-3g.probe|returned: 18|/dev/ndas-44809965-0
2012-09-26 20:52:56|netdisk.functions.php|isNdasDeviceEnabledRwOrRo|ntfs-3g.probe|returned: 18|Error opening '/dev/ndas-44809965-0': Read-only file system
2012-09-26 20:52:56|netdisk.functions.php|isNdasDeviceEnabledRwOrRo|ntfs-3g.probe|returned: 12|/dev/ndas-44700486-0
2012-09-26 20:52:56|netdisk.functions.php|isNdasDeviceEnabledRwOrRo|ntfs-3g.probe|returned: 12|NTFS signature is missing.
2012-09-26 21:08:36|netdisk.functions.php|isNdasDeviceEnabledRwOrRo|ntfs-3g.probe|returned: 18|/dev/ndas-44809965-0
2012-09-26 21:08:36|netdisk.functions.php|isNdasDeviceEnabledRwOrRo|ntfs-3g.probe|returned: 18|Error opening '/dev/ndas-44809965-0': Read-only file system
2012-09-26 21:08:36|netdisk.functions.php|isNdasDeviceEnabledRwOrRo|ntfs-3g.probe|returned: 12|/dev/ndas-44700486-0
2012-09-26 21:08:36|netdisk.functions.php|isNdasDeviceEnabledRwOrRo|ntfs-3g.probe|returned: 12|NTFS signature is missing.
2012-09-26 21:08:36|netdisk.functions.php|isNdasBlockDeviceWritable|ntfs-3g.probe|return: 15|The disk contains an unclean file system (0, 0).
2012-09-26 21:08:47|netdisk.functions.php|isNdasDeviceEnabledRwOrRo|ntfs-3g.probe|returned: 18|/dev/ndas-44809965-0
2012-09-26 21:08:47|netdisk.functions.php|isNdasDeviceEnabledRwOrRo|ntfs-3g.probe|returned: 18|Error opening '/dev/ndas-44809965-0': Read-only file system
2012-09-26 21:08:47|netdisk.functions.php|isNdasDeviceEnabledRwOrRo|ntfs-3g.probe|returned: 12|/dev/ndas-44700486-0
2012-09-26 21:08:47|netdisk.functions.php|isNdasDeviceEnabledRwOrRo|ntfs-3g.probe|returned: 12|NTFS signature is missing.
2012-09-26 21:08:48|netdisk.functions.php|isNdasBlockDeviceWritable|ntfs-3g.probe|return: 15|The disk contains an unclean file system (0, 0).
2012-09-26 21:53:26|netdisk.functions.php|isNdasDeviceEnabledRwOrRo|ntfs-3g.probe|returned: 18|/dev/ndas-44809965-0
2012-09-26 21:53:26|netdisk.functions.php|isNdasDeviceEnabledRwOrRo|ntfs-3g.probe|returned: 18|Error opening '/dev/ndas-44809965-0': Read-only file system
2012-09-26 21:53:26|netdisk.functions.php|isNdasDeviceEnabledRwOrRo|ntfs-3g.probe|returned: 12|/dev/ndas-44700486-0
2012-09-26 21:53:26|netdisk.functions.php|isNdasDeviceEnabledRwOrRo|ntfs-3g.probe|returned: 12|NTFS signature is missing.
2012-09-26 21:53:26|netdisk.functions.php|isNdasBlockDeviceWritable|ntfs-3g.probe|return: 15|The disk contains an unclean file system (0, 0).
2012-09-26 22:33:06|netdisk.functions.php|isNdasDeviceEnabledRwOrRo|ntfs-3g.probe|returned: 18|/dev/ndas-44809965-0
2012-09-26 22:33:06|netdisk.functions.php|isNdasDeviceEnabledRwOrRo|ntfs-3g.probe|returned: 18|Error opening '/dev/ndas-44809965-0': Read-only file system
2012-09-26 22:33:06|netdisk.functions.php|isNdasDeviceEnabledRwOrRo|ntfs-3g.probe|returned: 12|/dev/ndas-44700486-0
2012-09-26 22:33:06|netdisk.functions.php|isNdasDeviceEnabledRwOrRo|ntfs-3g.probe|returned: 12|NTFS signature is missing.
2012-09-26 22:33:06|netdisk.functions.php|isNdasBlockDeviceWritable|ntfs-3g.probe|return: 15|The disk contains an unclean file system (0, 0).
2012-09-26 22:41:28|netdisk.functions.php|isNdasDeviceEnabledRwOrRo|ntfs-3g.probe|returned: 18|/dev/ndas-44809965-0
2012-09-26 22:41:28|netdisk.functions.php|isNdasDeviceEnabledRwOrRo|ntfs-3g.probe|returned: 18|Error opening '/dev/ndas-44809965-0': Read-only file system
2012-09-26 22:41:28|netdisk.functions.php|isNdasDeviceEnabledRwOrRo|ntfs-3g.probe|returned: 12|/dev/ndas-44700486-0
2012-09-26 22:41:28|netdisk.functions.php|isNdasDeviceEnabledRwOrRo|ntfs-3g.probe|returned: 12|NTFS signature is missing.
2012-09-26 22:41:28|netdisk.functions.php|isNdasBlockDeviceWritable|ntfs-3g.probe|return: 15|The disk contains an unclean file system (0, 0).
2012-09-26 23:01:04|netdisk.functions.php|isNdasDeviceEnabledRwOrRo|ntfs-3g.probe|returned: 18|/dev/ndas-44809965-0
2012-09-26 23:01:04|netdisk.functions.php|isNdasDeviceEnabledRwOrRo|ntfs-3g.probe|returned: 18|Error opening '/dev/ndas-44809965-0': Read-only file system
2012-09-26 23:01:04|netdisk.functions.php|isNdasDeviceEnabledRwOrRo|ntfs-3g.probe|returned: 12|/dev/ndas-44700486-0
2012-09-26 23:01:04|netdisk.functions.php|isNdasDeviceEnabledRwOrRo|ntfs-3g.probe|returned: 12|NTFS signature is missing.
2012-09-26 23:01:04|netdisk.functions.php|isNdasBlockDeviceWritable|ntfs-3g.probe|return: 15|The disk contains an unclean file system (0, 0).
2012-09-26 23:01:43|netdisk.functions.php|isNdasDeviceEnabledRwOrRo|ntfs-3g.probe|returned: 18|/dev/ndas-44809965-0
2012-09-26 23:01:43|netdisk.functions.php|isNdasDeviceEnabledRwOrRo|ntfs-3g.probe|returned: 18|Error opening '/dev/ndas-44809965-0': Read-only file system
2012-09-26 23:01:43|netdisk.functions.php|isNdasDeviceEnabledRwOrRo|ntfs-3g.probe|returned: 12|/dev/ndas-44700486-0
2012-09-26 23:01:43|netdisk.functions.php|isNdasDeviceEnabledRwOrRo|ntfs-3g.probe|returned: 12|NTFS signature is missing.
2012-09-26 23:01:43|netdisk.functions.php|isNdasBlockDeviceWritable|ntfs-3g.probe|return: 15|The disk contains an unclean file system (0, 0).
2012-09-27 10:26:54|netdisk.functions.php|isNdasDeviceEnabledRwOrRo|ntfs-3g.probe|returned: 18|/dev/ndas-44809965-0
2012-09-27 10:26:54|netdisk.functions.php|isNdasDeviceEnabledRwOrRo|ntfs-3g.probe|returned: 18|Error opening '/dev/ndas-44809965-0': Read-only file system
2012-09-27 10:26:54|netdisk.functions.php|isNdasDeviceEnabledRwOrRo|ntfs-3g.probe|returned: 12|/dev/ndas-44700486-0
2012-09-27 10:26:54|netdisk.functions.php|isNdasDeviceEnabledRwOrRo|ntfs-3g.probe|returned: 12|NTFS signature is missing.
2012-09-27 10:26:54|netdisk.functions.php|isNdasBlockDeviceWritable|ntfs-3g.probe|return: 15|The disk contains an unclean file system (0, 0).
2012-09-27 10:27:14|netdisk.functions.php|isNdasDeviceEnabledRwOrRo|ntfs-3g.probe|returned: 18|/dev/ndas-44809965-0
2012-09-27 10:27:14|netdisk.functions.php|isNdasDeviceEnabledRwOrRo|ntfs-3g.probe|returned: 18|Error opening '/dev/ndas-44809965-0': Read-only file system
2012-09-27 10:27:14|netdisk.functions.php|isNdasDeviceEnabledRwOrRo|ntfs-3g.probe|returned: 12|/dev/ndas-44700486-0
2012-09-27 10:27:14|netdisk.functions.php|isNdasDeviceEnabledRwOrRo|ntfs-3g.probe|returned: 12|NTFS signature is missing.
2012-09-27 10:27:14|netdisk.functions.php|isNdasBlockDeviceWritable|ntfs-3g.probe|return: 15|The disk contains an unclean file system (0, 0).
2012-09-27 10:27:19|netdisk.functions.php|isNdasDeviceEnabledRwOrRo|ntfs-3g.probe|returned: 18|/dev/ndas-44809965-0
2012-09-27 10:27:19|netdisk.functions.php|isNdasDeviceEnabledRwOrRo|ntfs-3g.probe|returned: 18|Error opening '/dev/ndas-44809965-0': Read-only file system
2012-09-27 10:27:19|netdisk.functions.php|isNdasDeviceEnabledRwOrRo|ntfs-3g.probe|returned: 12|/dev/ndas-44700486-0
2012-09-27 10:27:19|netdisk.functions.php|isNdasDeviceEnabledRwOrRo|ntfs-3g.probe|returned: 12|NTFS signature is missing.
2012-09-27 10:27:19|netdisk.functions.php|isNdasBlockDeviceWritable|ntfs-3g.probe|return: 15|The disk contains an unclean file system (0, 0).
2012-09-27 10:40:50|netdisk.functions.php|isNdasDeviceEnabledRwOrRo|ntfs-3g.probe|returned: 18|/dev/ndas-44809965-0
2012-09-27 10:40:50|netdisk.functions.php|isNdasDeviceEnabledRwOrRo|ntfs-3g.probe|returned: 18|Error opening '/dev/ndas-44809965-0': Read-only file system
2012-09-27 10:40:50|netdisk.functions.php|isNdasDeviceEnabledRwOrRo|ntfs-3g.probe|returned: 12|/dev/ndas-44700486-0
2012-09-27 10:40:50|netdisk.functions.php|isNdasDeviceEnabledRwOrRo|ntfs-3g.probe|returned: 12|NTFS signature is missing.
2012-09-27 10:40:50|netdisk.functions.php|isNdasBlockDeviceWritable|ntfs-3g.probe|return: 15|The disk contains an unclean file system (0, 0).
2012-09-27 10:53:56|netdisk.functions.php|isNdasDeviceEnabledRwOrRo|ntfs-3g.probe|returned: 18|/dev/ndas-44809965-0
2012-09-27 10:53:56|netdisk.functions.php|isNdasDeviceEnabledRwOrRo|ntfs-3g.probe|returned: 18|Error opening '/dev/ndas-44809965-0': Read-only file system
2012-09-27 10:53:56|netdisk.functions.php|isNdasDeviceEnabledRwOrRo|ntfs-3g.probe|returned: 12|/dev/ndas-44700486-0
2012-09-27 10:53:56|netdisk.functions.php|isNdasDeviceEnabledRwOrRo|ntfs-3g.probe|returned: 12|NTFS signature is missing.
2012-09-27 10:53:56|netdisk.functions.php|isNdasBlockDeviceWritable|ntfs-3g.probe|return: 15|The disk contains an unclean file system (0, 0).
2012-09-27 11:43:28|netdisk.functions.php|isNdasDeviceEnabledRwOrRo|ntfs-3g.probe|returned: 18|/dev/ndas-44809965-0
2012-09-27 11:43:28|netdisk.functions.php|isNdasDeviceEnabledRwOrRo|ntfs-3g.probe|returned: 18|Error opening '/dev/ndas-44809965-0': Read-only file system
2012-09-27 11:43:28|netdisk.functions.php|isNdasDeviceEnabledRwOrRo|ntfs-3g.probe|returned: 12|/dev/ndas-44700486-0
2012-09-27 11:43:28|netdisk.functions.php|isNdasDeviceEnabledRwOrRo|ntfs-3g.probe|returned: 12|NTFS signature is missing.
2012-09-27 11:43:28|netdisk.functions.php|isNdasBlockDeviceWritable|ntfs-3g.probe|return: 15|The disk contains an unclean file system (0, 0).
2012-09-27 11:45:05|netdisk.functions.php|isNdasDeviceEnabledRwOrRo|ntfs-3g.probe|returned: 18|/dev/ndas-44809965-0
2012-09-27 11:45:05|netdisk.functions.php|isNdasDeviceEnabledRwOrRo|ntfs-3g.probe|returned: 18|Error opening '/dev/ndas-44809965-0': Read-only file system
2012-09-27 11:45:05|netdisk.functions.php|isNdasDeviceEnabledRwOrRo|ntfs-3g.probe|returned: 12|/dev/ndas-44700486-0
2012-09-27 11:45:05|netdisk.functions.php|isNdasDeviceEnabledRwOrRo|ntfs-3g.probe|returned: 12|NTFS signature is missing.
2012-09-27 11:45:05|netdisk.functions.php|isNdasBlockDeviceWritable|ntfs-3g.probe|return: 15|The disk contains an unclean file system (0, 0).
2012-09-27 16:05:38|netdisk.functions.php|isNdasDeviceEnabledRwOrRo|ntfs-3g.probe|returned: 18|/dev/ndas-44809965-0
2012-09-27 16:05:38|netdisk.functions.php|isNdasDeviceEnabledRwOrRo|ntfs-3g.probe|returned: 18|Error opening '/dev/ndas-44809965-0': Read-only file system
2012-09-27 16:05:38|netdisk.functions.php|isNdasDeviceEnabledRwOrRo|ntfs-3g.probe|returned: 12|/dev/ndas-44700486-0
2012-09-27 16:05:38|netdisk.functions.php|isNdasDeviceEnabledRwOrRo|ntfs-3g.probe|returned: 12|NTFS signature is missing.
2012-09-27 16:05:38|netdisk.functions.php|isNdasBlockDeviceWritable|ntfs-3g.probe|return: 15|The disk contains an unclean file system (0, 0).
2012-09-27 16:14:21|netdisk.functions.php|isNdasDeviceEnabledRwOrRo|ntfs-3g.probe|returned: 18|/dev/ndas-44809965-0
2012-09-27 16:14:21|netdisk.functions.php|isNdasDeviceEnabledRwOrRo|ntfs-3g.probe|returned: 18|Error opening '/dev/ndas-44809965-0': Read-only file system
2012-09-27 16:14:21|netdisk.functions.php|isNdasDeviceEnabledRwOrRo|ntfs-3g.probe|returned: 12|/dev/ndas-44700486-0
2012-09-27 16:14:21|netdisk.functions.php|isNdasDeviceEnabledRwOrRo|ntfs-3g.probe|returned: 12|NTFS signature is missing.
2012-09-27 16:14:21|netdisk.functions.php|isNdasBlockDeviceWritable|ntfs-3g.probe|return: 15|The disk contains an unclean file system (0, 0).
2012-09-27 20:37:04|netdisk.functions.php|isNdasDeviceEnabledRwOrRo|ntfs-3g.probe|returned: 18|/dev/ndas-44809965-0
2012-09-27 20:37:04|netdisk.functions.php|isNdasDeviceEnabledRwOrRo|ntfs-3g.probe|returned: 18|Error opening '/dev/ndas-44809965-0': Read-only file system
2012-09-27 20:37:04|netdisk.functions.php|isNdasDeviceEnabledRwOrRo|ntfs-3g.probe|returned: 12|/dev/ndas-44700486-0
2012-09-27 20:37:04|netdisk.functions.php|isNdasDeviceEnabledRwOrRo|ntfs-3g.probe|returned: 12|NTFS signature is missing.
2012-09-27 20:37:04|netdisk.functions.php|isNdasBlockDeviceWritable|ntfs-3g.probe|return: 15|The disk contains an unclean file system (0, 0).
2012-09-28 09:13:05|netdisk.functions.php|isNdasDeviceEnabledRwOrRo|ntfs-3g.probe|returned: 18|/dev/ndas-44809965-0
2012-09-28 09:13:05|netdisk.functions.php|isNdasDeviceEnabledRwOrRo|ntfs-3g.probe|returned: 18|Error opening '/dev/ndas-44809965-0': Read-only file system
2012-09-28 09:13:05|netdisk.functions.php|isNdasDeviceEnabledRwOrRo|ntfs-3g.probe|returned: 12|/dev/ndas-44700486-0
2012-09-28 09:13:05|netdisk.functions.php|isNdasDeviceEnabledRwOrRo|ntfs-3g.probe|returned: 12|NTFS signature is missing.
2012-09-28 09:13:05|netdisk.functions.php|isNdasBlockDeviceWritable|ntfs-3g.probe|return: 15|The disk contains an unclean file system (0, 0).
2012-09-28 09:31:05|netdisk.functions.php|isNdasDeviceEnabledRwOrRo|ntfs-3g.probe|returned: 18|/dev/ndas-44809965-0
2012-09-28 09:31:05|netdisk.functions.php|isNdasDeviceEnabledRwOrRo|ntfs-3g.probe|returned: 18|Error opening '/dev/ndas-44809965-0': Read-only file system
2012-09-28 09:31:05|netdisk.functions.php|isNdasDeviceEnabledRwOrRo|ntfs-3g.probe|returned: 12|/dev/ndas-44700486-0
2012-09-28 09:31:05|netdisk.functions.php|isNdasDeviceEnabledRwOrRo|ntfs-3g.probe|returned: 12|NTFS signature is missing.
2012-09-28 09:31:05|netdisk.functions.php|isNdasBlockDeviceWritable|ntfs-3g.probe|return: 15|The disk contains an unclean file system (0, 0).
2012-09-28 09:31:19|netdisk.functions.php|isNdasDeviceEnabledRwOrRo|ntfs-3g.probe|returned: 18|/dev/ndas-44809965-0
2012-09-28 09:31:19|netdisk.functions.php|isNdasDeviceEnabledRwOrRo|ntfs-3g.probe|returned: 18|Error opening '/dev/ndas-44809965-0': Read-only file system
2012-09-28 09:31:19|netdisk.functions.php|isNdasDeviceEnabledRwOrRo|ntfs-3g.probe|returned: 12|/dev/ndas-44700486-0
2012-09-28 09:31:19|netdisk.functions.php|isNdasDeviceEnabledRwOrRo|ntfs-3g.probe|returned: 12|NTFS signature is missing.
2012-09-28 09:31:19|netdisk.functions.php|isNdasBlockDeviceWritable|ntfs-3g.probe|return: 15|The disk contains an unclean file system (0, 0).
2012-09-28 09:31:22|netdisk.functions.php|isNdasDeviceEnabledRwOrRo|ntfs-3g.probe|returned: 18|/dev/ndas-44809965-0
2012-09-28 09:31:22|netdisk.functions.php|isNdasDeviceEnabledRwOrRo|ntfs-3g.probe|returned: 18|Error opening '/dev/ndas-44809965-0': Read-only file system
2012-09-28 09:31:22|netdisk.functions.php|isNdasDeviceEnabledRwOrRo|ntfs-3g.probe|returned: 12|/dev/ndas-44700486-0
2012-09-28 09:31:22|netdisk.functions.php|isNdasDeviceEnabledRwOrRo|ntfs-3g.probe|returned: 12|NTFS signature is missing.
2012-09-28 09:31:22|netdisk.functions.php|isNdasBlockDeviceWritable|ntfs-3g.probe|return: 15|The disk contains an unclean file system (0, 0).
2012-09-28 09:32:36|netdisk.functions.php|isNdasDeviceEnabledRwOrRo|ntfs-3g.probe|returned: 18|/dev/ndas-44809965-0
2012-09-28 09:32:36|netdisk.functions.php|isNdasDeviceEnabledRwOrRo|ntfs-3g.probe|returned: 18|Error opening '/dev/ndas-44809965-0': Read-only file system
2012-09-28 09:32:36|netdisk.functions.php|isNdasDeviceEnabledRwOrRo|ntfs-3g.probe|returned: 12|/dev/ndas-44700486-0
2012-09-28 09:32:36|netdisk.functions.php|isNdasDeviceEnabledRwOrRo|ntfs-3g.probe|returned: 12|NTFS signature is missing.
2012-09-28 09:32:36|netdisk.functions.php|isNdasBlockDeviceWritable|ntfs-3g.probe|return: 15|The disk contains an unclean file system (0, 0).
2012-09-28 09:32:47|netdisk.functions.php|isNdasDeviceEnabledRwOrRo|ntfs-3g.probe|returned: 18|/dev/ndas-44809965-0
2012-09-28 09:32:47|netdisk.functions.php|isNdasDeviceEnabledRwOrRo|ntfs-3g.probe|returned: 18|Error opening '/dev/ndas-44809965-0': Read-only file system
2012-09-28 09:32:47|netdisk.functions.php|isNdasDeviceEnabledRwOrRo|ntfs-3g.probe|returned: 12|/dev/ndas-44700486-0
2012-09-28 09:32:47|netdisk.functions.php|isNdasDeviceEnabledRwOrRo|ntfs-3g.probe|returned: 12|NTFS signature is missing.
2012-09-28 09:32:47|netdisk.functions.php|isNdasBlockDeviceWritable|ntfs-3g.probe|return: 15|The disk contains an unclean file system (0, 0).
2012-09-28 09:33:00|netdisk.functions.php|isNdasDeviceEnabledRwOrRo|ntfs-3g.probe|returned: 18|/dev/ndas-44809965-0
2012-09-28 09:33:00|netdisk.functions.php|isNdasDeviceEnabledRwOrRo|ntfs-3g.probe|returned: 18|Error opening '/dev/ndas-44809965-0': Read-only file system
2012-09-28 09:33:00|netdisk.functions.php|isNdasDeviceEnabledRwOrRo|ntfs-3g.probe|returned: 12|/dev/ndas-44700486-0
2012-09-28 09:33:00|netdisk.functions.php|isNdasDeviceEnabledRwOrRo|ntfs-3g.probe|returned: 12|NTFS signature is missing.
2012-09-28 09:33:00|netdisk.functions.php|isNdasBlockDeviceWritable|ntfs-3g.probe|return: 15|The disk contains an unclean file system (0, 0).
2012-09-28 09:35:11|netdisk.functions.php|isNdasDeviceEnabledRwOrRo|ntfs-3g.probe|returned: 18|/dev/ndas-44809965-0
2012-09-28 09:35:11|netdisk.functions.php|isNdasDeviceEnabledRwOrRo|ntfs-3g.probe|returned: 18|Error opening '/dev/ndas-44809965-0': Read-only file system
2012-09-28 09:35:11|netdisk.functions.php|isNdasDeviceEnabledRwOrRo|ntfs-3g.probe|returned: 12|/dev/ndas-44700486-0
2012-09-28 09:35:11|netdisk.functions.php|isNdasDeviceEnabledRwOrRo|ntfs-3g.probe|returned: 12|NTFS signature is missing.
2012-09-28 09:35:11|netdisk.functions.php|isNdasBlockDeviceWritable|ntfs-3g.probe|return: 15|The disk contains an unclean file system (0, 0).
2012-09-28 09:36:23|netdisk.functions.php|isNdasDeviceEnabledRwOrRo|ntfs-3g.probe|returned: 18|/dev/ndas-44809965-0
2012-09-28 09:36:23|netdisk.functions.php|isNdasDeviceEnabledRwOrRo|ntfs-3g.probe|returned: 18|Error opening '/dev/ndas-44809965-0': Read-only file system
2012-09-28 09:36:23|netdisk.functions.php|isNdasDeviceEnabledRwOrRo|ntfs-3g.probe|returned: 12|/dev/ndas-44700486-0
2012-09-28 09:36:23|netdisk.functions.php|isNdasDeviceEnabledRwOrRo|ntfs-3g.probe|returned: 12|NTFS signature is missing.
2012-09-28 09:36:23|netdisk.functions.php|isNdasBlockDeviceWritable|ntfs-3g.probe|return: 15|The disk contains an unclean file system (0, 0).
2012-09-28 09:37:22|netdisk.functions.php|isNdasDeviceEnabledRwOrRo|ntfs-3g.probe|returned: 18|/dev/ndas-44809965-0
2012-09-28 09:37:22|netdisk.functions.php|isNdasDeviceEnabledRwOrRo|ntfs-3g.probe|returned: 18|Error opening '/dev/ndas-44809965-0': Read-only file system
2012-09-28 09:37:22|netdisk.functions.php|isNdasDeviceEnabledRwOrRo|ntfs-3g.probe|returned: 12|/dev/ndas-44700486-0
2012-09-28 09:37:22|netdisk.functions.php|isNdasDeviceEnabledRwOrRo|ntfs-3g.probe|returned: 12|NTFS signature is missing.
2012-09-28 09:37:22|netdisk.functions.php|isNdasBlockDeviceWritable|ntfs-3g.probe|return: 15|The disk contains an unclean file system (0, 0).
2012-09-28 09:43:32|netdisk.functions.php|isNdasDeviceEnabledRwOrRo|ntfs-3g.probe|returned: 18|/dev/ndas-44809965-0
2012-09-28 09:43:32|netdisk.functions.php|isNdasDeviceEnabledRwOrRo|ntfs-3g.probe|returned: 18|Error opening '/dev/ndas-44809965-0': Read-only file system
2012-09-28 09:43:32|netdisk.functions.php|isNdasDeviceEnabledRwOrRo|ntfs-3g.probe|returned: 12|/dev/ndas-44700486-0
2012-09-28 09:43:32|netdisk.functions.php|isNdasDeviceEnabledRwOrRo|ntfs-3g.probe|returned: 12|NTFS signature is missing.
2012-09-28 09:43:32|netdisk.functions.php|isNdasBlockDeviceWritable|ntfs-3g.probe|return: 15|The disk contains an unclean file system (0, 0).
2012-09-28 09:45:37|netdisk.functions.php|isNdasDeviceEnabledRwOrRo|ntfs-3g.probe|returned: 18|/dev/ndas-44809965-0
2012-09-28 09:45:37|netdisk.functions.php|isNdasDeviceEnabledRwOrRo|ntfs-3g.probe|returned: 18|Error opening '/dev/ndas-44809965-0': Read-only file system
2012-09-28 09:45:37|netdisk.functions.php|isNdasDeviceEnabledRwOrRo|ntfs-3g.probe|returned: 12|/dev/ndas-44700486-0
2012-09-28 09:45:37|netdisk.functions.php|isNdasDeviceEnabledRwOrRo|ntfs-3g.probe|returned: 12|NTFS signature is missing.
2012-09-28 09:45:38|netdisk.functions.php|isNdasBlockDeviceWritable|ntfs-3g.probe|return: 15|The disk contains an unclean file system (0, 0).
2012-09-28 09:46:16|netdisk.functions.php|isNdasDeviceEnabledRwOrRo|ntfs-3g.probe|returned: 18|/dev/ndas-44809965-0
2012-09-28 09:46:16|netdisk.functions.php|isNdasDeviceEnabledRwOrRo|ntfs-3g.probe|returned: 18|Error opening '/dev/ndas-44809965-0': Read-only file system
2012-09-28 09:46:16|netdisk.functions.php|isNdasDeviceEnabledRwOrRo|ntfs-3g.probe|returned: 12|/dev/ndas-44700486-0
2012-09-28 09:46:16|netdisk.functions.php|isNdasDeviceEnabledRwOrRo|ntfs-3g.probe|returned: 12|NTFS signature is missing.
2012-09-28 09:46:16|netdisk.functions.php|isNdasBlockDeviceWritable|ntfs-3g.probe|return: 15|The disk contains an unclean file system (0, 0).
2012-09-28 09:47:39|netdisk.functions.php|isNdasDeviceEnabledRwOrRo|ntfs-3g.probe|returned: 18|/dev/ndas-44809965-0
2012-09-28 09:47:39|netdisk.functions.php|isNdasDeviceEnabledRwOrRo|ntfs-3g.probe|returned: 18|Error opening '/dev/ndas-44809965-0': Read-only file system
2012-09-28 09:47:39|netdisk.functions.php|isNdasDeviceEnabledRwOrRo|ntfs-3g.probe|returned: 12|/dev/ndas-44700486-0
2012-09-28 09:47:39|netdisk.functions.php|isNdasDeviceEnabledRwOrRo|ntfs-3g.probe|returned: 12|NTFS signature is missing.
2012-09-28 09:47:39|netdisk.functions.php|isNdasBlockDeviceWritable|ntfs-3g.probe|return: 15|The disk contains an unclean file system (0, 0).
2012-09-28 09:48:21|netdisk.functions.php|isNdasDeviceEnabledRwOrRo|ntfs-3g.probe|returned: 18|/dev/ndas-44809965-0
2012-09-28 09:48:21|netdisk.functions.php|isNdasDeviceEnabledRwOrRo|ntfs-3g.probe|returned: 18|Error opening '/dev/ndas-44809965-0': Read-only file system
2012-09-28 09:48:21|netdisk.functions.php|isNdasDeviceEnabledRwOrRo|ntfs-3g.probe|returned: 12|/dev/ndas-44700486-0
2012-09-28 09:48:21|netdisk.functions.php|isNdasDeviceEnabledRwOrRo|ntfs-3g.probe|returned: 12|NTFS signature is missing.
2012-09-28 09:48:21|netdisk.functions.php|isNdasBlockDeviceWritable|ntfs-3g.probe|return: 15|The disk contains an unclean file system (0, 0).
2012-09-28 09:48:53|netdisk.functions.php|isNdasDeviceEnabledRwOrRo|ntfs-3g.probe|returned: 18|/dev/ndas-44809965-0
2012-09-28 09:48:53|netdisk.functions.php|isNdasDeviceEnabledRwOrRo|ntfs-3g.probe|returned: 18|Error opening '/dev/ndas-44809965-0': Read-only file system
2012-09-28 09:48:53|netdisk.functions.php|isNdasDeviceEnabledRwOrRo|ntfs-3g.probe|returned: 12|/dev/ndas-44700486-0
2012-09-28 09:48:53|netdisk.functions.php|isNdasDeviceEnabledRwOrRo|ntfs-3g.probe|returned: 12|NTFS signature is missing.
2012-09-28 09:48:53|netdisk.functions.php|isNdasBlockDeviceWritable|ntfs-3g.probe|return: 15|The disk contains an unclean file system (0, 0).
2012-09-28 09:53:53|netdisk.functions.php|isNdasDeviceEnabledRwOrRo|ntfs-3g.probe|returned: 18|/dev/ndas-44809965-0
2012-09-28 09:53:53|netdisk.functions.php|isNdasDeviceEnabledRwOrRo|ntfs-3g.probe|returned: 18|Error opening '/dev/ndas-44809965-0': Read-only file system
2012-09-28 09:53:53|netdisk.functions.php|isNdasDeviceEnabledRwOrRo|ntfs-3g.probe|returned: 12|/dev/ndas-44700486-0
2012-09-28 09:53:53|netdisk.functions.php|isNdasDeviceEnabledRwOrRo|ntfs-3g.probe|returned: 12|NTFS signature is missing.
2012-09-28 09:53:53|netdisk.functions.php|isNdasBlockDeviceWritable|ntfs-3g.probe|return: 15|The disk contains an unclean file system (0, 0).
2012-09-28 09:56:40|netdisk.functions.php|isNdasDeviceEnabledRwOrRo|ntfs-3g.probe|returned: 18|/dev/ndas-44809965-0
2012-09-28 09:56:40|netdisk.functions.php|isNdasDeviceEnabledRwOrRo|ntfs-3g.probe|returned: 18|Error opening '/dev/ndas-44809965-0': Read-only file system
2012-09-28 09:56:40|netdisk.functions.php|isNdasDeviceEnabledRwOrRo|ntfs-3g.probe|returned: 12|/dev/ndas-44700486-0
2012-09-28 09:56:40|netdisk.functions.php|isNdasDeviceEnabledRwOrRo|ntfs-3g.probe|returned: 12|NTFS signature is missing.
2012-09-28 09:56:40|netdisk.functions.php|isNdasBlockDeviceWritable|ntfs-3g.probe|return: 15|The disk contains an unclean file system (0, 0).
2012-09-28 09:57:50|netdisk.functions.php|isNdasDeviceEnabledRwOrRo|ntfs-3g.probe|returned: 18|/dev/ndas-44809965-0
2012-09-28 09:57:50|netdisk.functions.php|isNdasDeviceEnabledRwOrRo|ntfs-3g.probe|returned: 18|Error opening '/dev/ndas-44809965-0': Read-only file system
2012-09-28 09:57:50|netdisk.functions.php|isNdasDeviceEnabledRwOrRo|ntfs-3g.probe|returned: 12|/dev/ndas-44700486-0
2012-09-28 09:57:50|netdisk.functions.php|isNdasDeviceEnabledRwOrRo|ntfs-3g.probe|returned: 12|NTFS signature is missing.
2012-09-28 09:57:50|netdisk.functions.php|isNdasBlockDeviceWritable|ntfs-3g.probe|return: 15|The disk contains an unclean file system (0, 0).
2012-09-28 09:58:52|netdisk.functions.php|isNdasDeviceEnabledRwOrRo|ntfs-3g.probe|returned: 18|/dev/ndas-44809965-0
2012-09-28 09:58:52|netdisk.functions.php|isNdasDeviceEnabledRwOrRo|ntfs-3g.probe|returned: 18|Error opening '/dev/ndas-44809965-0': Read-only file system
2012-09-28 09:58:52|netdisk.functions.php|isNdasDeviceEnabledRwOrRo|ntfs-3g.probe|returned: 12|/dev/ndas-44700486-0
2012-09-28 09:58:52|netdisk.functions.php|isNdasDeviceEnabledRwOrRo|ntfs-3g.probe|returned: 12|NTFS signature is missing.
2012-09-28 09:58:52|netdisk.functions.php|isNdasBlockDeviceWritable|ntfs-3g.probe|return: 15|The disk contains an unclean file system (0, 0).
2012-09-28 10:00:25|netdisk.functions.php|isNdasDeviceEnabledRwOrRo|ntfs-3g.probe|returned: 18|/dev/ndas-44809965-0
2012-09-28 10:00:25|netdisk.functions.php|isNdasDeviceEnabledRwOrRo|ntfs-3g.probe|returned: 18|Error opening '/dev/ndas-44809965-0': Read-only file system
2012-09-28 10:00:25|netdisk.functions.php|isNdasDeviceEnabledRwOrRo|ntfs-3g.probe|returned: 12|/dev/ndas-44700486-0
2012-09-28 10:00:25|netdisk.functions.php|isNdasDeviceEnabledRwOrRo|ntfs-3g.probe|returned: 12|NTFS signature is missing.
2012-09-28 10:00:25|netdisk.functions.php|isNdasBlockDeviceWritable|ntfs-3g.probe|return: 15|The disk contains an unclean file system (0, 0).
2012-09-28 10:00:49|netdisk.functions.php|isNdasDeviceEnabledRwOrRo|ntfs-3g.probe|returned: 18|/dev/ndas-44809965-0
2012-09-28 10:00:49|netdisk.functions.php|isNdasDeviceEnabledRwOrRo|ntfs-3g.probe|returned: 18|Error opening '/dev/ndas-44809965-0': Read-only file system
2012-09-28 10:00:49|netdisk.functions.php|isNdasDeviceEnabledRwOrRo|ntfs-3g.probe|returned: 12|/dev/ndas-44700486-0
2012-09-28 10:00:49|netdisk.functions.php|isNdasDeviceEnabledRwOrRo|ntfs-3g.probe|returned: 12|NTFS signature is missing.
2012-09-28 10:00:49|netdisk.functions.php|isNdasBlockDeviceWritable|ntfs-3g.probe|return: 15|The disk contains an unclean file system (0, 0).
2012-09-28 10:24:35|netdisk.functions.php|isNdasDeviceEnabledRwOrRo|ntfs-3g.probe|returned: 18|/dev/ndas-44809965-0
2012-09-28 10:24:35|netdisk.functions.php|isNdasDeviceEnabledRwOrRo|ntfs-3g.probe|returned: 18|Error opening '/dev/ndas-44809965-0': Read-only file system
2012-09-28 10:24:35|netdisk.functions.php|isNdasDeviceEnabledRwOrRo|ntfs-3g.probe|returned: 12|/dev/ndas-44700486-0
2012-09-28 10:24:35|netdisk.functions.php|isNdasDeviceEnabledRwOrRo|ntfs-3g.probe|returned: 12|NTFS signature is missing.
2012-09-28 10:24:35|netdisk.functions.php|isNdasBlockDeviceWritable|ntfs-3g.probe|return: 15|The disk contains an unclean file system (0, 0).
2012-09-28 10:24:52|netdisk.functions.php|isNdasDeviceEnabledRwOrRo|ntfs-3g.probe|returned: 18|/dev/ndas-44809965-0
2012-09-28 10:24:52|netdisk.functions.php|isNdasDeviceEnabledRwOrRo|ntfs-3g.probe|returned: 18|Error opening '/dev/ndas-44809965-0': Read-only file system
2012-09-28 10:24:52|netdisk.functions.php|isNdasDeviceEnabledRwOrRo|ntfs-3g.probe|returned: 12|/dev/ndas-44700486-0
2012-09-28 10:24:52|netdisk.functions.php|isNdasDeviceEnabledRwOrRo|ntfs-3g.probe|returned: 12|NTFS signature is missing.
2012-09-28 10:24:52|netdisk.functions.php|isNdasBlockDeviceWritable|ntfs-3g.probe|return: 15|The disk contains an unclean file system (0, 0).
2012-09-28 10:43:20|netdisk.functions.php|isNdasDeviceEnabledRwOrRo|ntfs-3g.probe|returned: 18|/dev/ndas-44809965-0
2012-09-28 10:43:20|netdisk.functions.php|isNdasDeviceEnabledRwOrRo|ntfs-3g.probe|returned: 18|Error opening '/dev/ndas-44809965-0': Read-only file system
2012-09-28 10:43:20|netdisk.functions.php|isNdasDeviceEnabledRwOrRo|ntfs-3g.probe|returned: 12|/dev/ndas-44700486-0
2012-09-28 10:43:20|netdisk.functions.php|isNdasDeviceEnabledRwOrRo|ntfs-3g.probe|returned: 12|NTFS signature is missing.
2012-09-28 10:43:20|netdisk.functions.php|isNdasBlockDeviceWritable|ntfs-3g.probe|return: 15|The disk contains an unclean file system (0, 0).
2012-09-28 10:44:50|netdisk.functions.php|isNdasDeviceEnabledRwOrRo|ntfs-3g.probe|returned: 18|/dev/ndas-44809965-0
2012-09-28 10:44:50|netdisk.functions.php|isNdasDeviceEnabledRwOrRo|ntfs-3g.probe|returned: 18|Error opening '/dev/ndas-44809965-0': Read-only file system
2012-09-28 10:44:50|netdisk.functions.php|isNdasDeviceEnabledRwOrRo|ntfs-3g.probe|returned: 12|/dev/ndas-44700486-0
2012-09-28 10:44:50|netdisk.functions.php|isNdasDeviceEnabledRwOrRo|ntfs-3g.probe|returned: 12|NTFS signature is missing.
2012-09-28 10:44:50|netdisk.functions.php|isNdasBlockDeviceWritable|ntfs-3g.probe|return: 15|The disk contains an unclean file system (0, 0).
2012-09-28 10:45:00|netdisk.functions.php|isNdasDeviceEnabledRwOrRo|ntfs-3g.probe|returned: 18|/dev/ndas-44809965-0
2012-09-28 10:45:00|netdisk.functions.php|isNdasDeviceEnabledRwOrRo|ntfs-3g.probe|returned: 18|Error opening '/dev/ndas-44809965-0': Read-only file system
2012-09-28 10:45:00|netdisk.functions.php|isNdasDeviceEnabledRwOrRo|ntfs-3g.probe|returned: 12|/dev/ndas-44700486-0
2012-09-28 10:45:00|netdisk.functions.php|isNdasDeviceEnabledRwOrRo|ntfs-3g.probe|returned: 12|NTFS signature is missing.
2012-09-28 10:45:00|netdisk.functions.php|isNdasBlockDeviceWritable|ntfs-3g.probe|return: 15|The disk contains an unclean file system (0, 0).
2012-09-28 10:45:33|netdisk.functions.php|isNdasDeviceEnabledRwOrRo|ntfs-3g.probe|returned: 18|/dev/ndas-44809965-0
2012-09-28 10:45:33|netdisk.functions.php|isNdasDeviceEnabledRwOrRo|ntfs-3g.probe|returned: 18|Error opening '/dev/ndas-44809965-0': Read-only file system
2012-09-28 10:45:33|netdisk.functions.php|isNdasDeviceEnabledRwOrRo|ntfs-3g.probe|returned: 12|/dev/ndas-44700486-0
2012-09-28 10:45:33|netdisk.functions.php|isNdasDeviceEnabledRwOrRo|ntfs-3g.probe|returned: 12|NTFS signature is missing.
2012-09-28 10:45:33|netdisk.functions.php|isNdasBlockDeviceWritable|ntfs-3g.probe|return: 15|The disk contains an unclean file system (0, 0).
2012-09-28 10:45:51|netdisk.functions.php|isNdasDeviceEnabledRwOrRo|ntfs-3g.probe|returned: 18|/dev/ndas-44809965-0
2012-09-28 10:45:51|netdisk.functions.php|isNdasDeviceEnabledRwOrRo|ntfs-3g.probe|returned: 18|Error opening '/dev/ndas-44809965-0': Read-only file system
2012-09-28 10:45:51|netdisk.functions.php|isNdasDeviceEnabledRwOrRo|ntfs-3g.probe|returned: 12|/dev/ndas-44700486-0
2012-09-28 10:45:51|netdisk.functions.php|isNdasDeviceEnabledRwOrRo|ntfs-3g.probe|returned: 12|NTFS signature is missing.
2012-09-28 10:45:51|netdisk.functions.php|isNdasBlockDeviceWritable|ntfs-3g.probe|return: 15|The disk contains an unclean file system (0, 0).
2012-09-28 10:49:30|netdisk.functions.php|isNdasDeviceEnabledRwOrRo|ntfs-3g.probe|returned: 18|/dev/ndas-44809965-0
2012-09-28 10:49:30|netdisk.functions.php|isNdasDeviceEnabledRwOrRo|ntfs-3g.probe|returned: 18|Error opening '/dev/ndas-44809965-0': Read-only file system
2012-09-28 10:49:30|netdisk.functions.php|isNdasDeviceEnabledRwOrRo|ntfs-3g.probe|returned: 12|/dev/ndas-44700486-0
2012-09-28 10:49:30|netdisk.functions.php|isNdasDeviceEnabledRwOrRo|ntfs-3g.probe|returned: 12|NTFS signature is missing.
2012-09-28 10:49:30|netdisk.functions.php|isNdasBlockDeviceWritable|ntfs-3g.probe|return: 15|The disk contains an unclean file system (0, 0).
2012-09-28 11:22:37|netdisk.functions.php|isNdasDeviceEnabledRwOrRo|ntfs-3g.probe|returned: 18|/dev/ndas-44809965-0
2012-09-28 11:22:37|netdisk.functions.php|isNdasDeviceEnabledRwOrRo|ntfs-3g.probe|returned: 18|Error opening '/dev/ndas-44809965-0': Read-only file system
2012-09-28 11:22:37|netdisk.functions.php|isNdasDeviceEnabledRwOrRo|ntfs-3g.probe|returned: 12|/dev/ndas-44700486-0
2012-09-28 11:22:37|netdisk.functions.php|isNdasDeviceEnabledRwOrRo|ntfs-3g.probe|returned: 12|NTFS signature is missing.
2012-09-28 11:22:37|netdisk.functions.php|isNdasBlockDeviceWritable|ntfs-3g.probe|return: 15|The disk contains an unclean file system (0, 0).
2012-09-28 11:23:22|netdisk.functions.php|isNdasDeviceEnabledRwOrRo|ntfs-3g.probe|returned: 18|/dev/ndas-44809965-0
2012-09-28 11:23:22|netdisk.functions.php|isNdasDeviceEnabledRwOrRo|ntfs-3g.probe|returned: 18|Error opening '/dev/ndas-44809965-0': Read-only file system
2012-09-28 11:23:22|netdisk.functions.php|isNdasDeviceEnabledRwOrRo|ntfs-3g.probe|returned: 12|/dev/ndas-44700486-0
2012-09-28 11:23:22|netdisk.functions.php|isNdasDeviceEnabledRwOrRo|ntfs-3g.probe|returned: 12|NTFS signature is missing.
2012-09-28 11:23:22|netdisk.functions.php|isNdasBlockDeviceWritable|ntfs-3g.probe|return: 15|The disk contains an unclean file system (0, 0).
2012-09-28 11:38:29|netdisk.functions.php|isNdasDeviceEnabledRwOrRo|ntfs-3g.probe|returned: 18|/dev/ndas-44809965-0
2012-09-28 11:38:29|netdisk.functions.php|isNdasDeviceEnabledRwOrRo|ntfs-3g.probe|returned: 18|Error opening '/dev/ndas-44809965-0': Read-only file system
2012-09-28 11:38:29|netdisk.functions.php|isNdasDeviceEnabledRwOrRo|ntfs-3g.probe|returned: 12|/dev/ndas-44700486-0
2012-09-28 11:38:29|netdisk.functions.php|isNdasDeviceEnabledRwOrRo|ntfs-3g.probe|returned: 12|NTFS signature is missing.
2012-09-28 11:38:29|netdisk.functions.php|isNdasBlockDeviceWritable|ntfs-3g.probe|return: 15|The disk contains an unclean file system (0, 0).
2012-09-28 11:39:12|netdisk.functions.php|isNdasDeviceEnabledRwOrRo|ntfs-3g.probe|returned: 18|/dev/ndas-44809965-0
2012-09-28 11:39:12|netdisk.functions.php|isNdasDeviceEnabledRwOrRo|ntfs-3g.probe|returned: 18|Error opening '/dev/ndas-44809965-0': Read-only file system
2012-09-28 11:39:12|netdisk.functions.php|isNdasDeviceEnabledRwOrRo|ntfs-3g.probe|returned: 12|/dev/ndas-44700486-0
2012-09-28 11:39:12|netdisk.functions.php|isNdasDeviceEnabledRwOrRo|ntfs-3g.probe|returned: 12|NTFS signature is missing.
2012-09-28 11:39:12|netdisk.functions.php|isNdasBlockDeviceWritable|ntfs-3g.probe|return: 15|The disk contains an unclean file system (0, 0).
2012-09-28 11:51:09|netdisk.functions.php|isNdasDeviceEnabledRwOrRo|ntfs-3g.probe|returned: 18|/dev/ndas-44809965-0
2012-09-28 11:51:09|netdisk.functions.php|isNdasDeviceEnabledRwOrRo|ntfs-3g.probe|returned: 18|Error opening '/dev/ndas-44809965-0': Read-only file system
2012-09-28 11:51:09|netdisk.functions.php|isNdasDeviceEnabledRwOrRo|ntfs-3g.probe|returned: 12|/dev/ndas-44700486-0
2012-09-28 11:51:09|netdisk.functions.php|isNdasDeviceEnabledRwOrRo|ntfs-3g.probe|returned: 12|NTFS signature is missing.
2012-09-28 11:51:09|netdisk.functions.php|isNdasBlockDeviceWritable|ntfs-3g.probe|return: 15|The disk contains an unclean file system (0, 0).
2012-09-28 13:04:45|netdisk.functions.php|isNdasDeviceEnabledRwOrRo|ntfs-3g.probe|returned: 18|/dev/ndas-44809965-0
2012-09-28 13:04:45|netdisk.functions.php|isNdasDeviceEnabledRwOrRo|ntfs-3g.probe|returned: 18|Error opening '/dev/ndas-44809965-0': Read-only file system
2012-09-28 13:04:45|netdisk.functions.php|isNdasDeviceEnabledRwOrRo|ntfs-3g.probe|returned: 12|/dev/ndas-44700486-0
2012-09-28 13:04:45|netdisk.functions.php|isNdasDeviceEnabledRwOrRo|ntfs-3g.probe|returned: 12|NTFS signature is missing.
2012-09-28 13:04:45|netdisk.functions.php|isNdasBlockDeviceWritable|ntfs-3g.probe|return: 15|The disk contains an unclean file system (0, 0).
2012-09-28 14:22:55|netdisk.functions.php|isNdasDeviceEnabledRwOrRo|ntfs-3g.probe|returned: 18|/dev/ndas-44809965-0
2012-09-28 14:22:55|netdisk.functions.php|isNdasDeviceEnabledRwOrRo|ntfs-3g.probe|returned: 18|Error opening '/dev/ndas-44809965-0': Read-only file system
2012-09-28 14:22:55|netdisk.functions.php|isNdasDeviceEnabledRwOrRo|ntfs-3g.probe|returned: 12|/dev/ndas-44700486-0
2012-09-28 14:22:55|netdisk.functions.php|isNdasDeviceEnabledRwOrRo|ntfs-3g.probe|returned: 12|NTFS signature is missing.
2012-09-28 14:22:55|netdisk.functions.php|isNdasBlockDeviceWritable|ntfs-3g.probe|return: 15|The disk contains an unclean file system (0, 0).
2012-09-28 14:24:41|netdisk.functions.php|isNdasDeviceEnabledRwOrRo|ntfs-3g.probe|returned: 18|/dev/ndas-44809965-0
2012-09-28 14:24:41|netdisk.functions.php|isNdasDeviceEnabledRwOrRo|ntfs-3g.probe|returned: 18|Error opening '/dev/ndas-44809965-0': Read-only file system
2012-09-28 14:24:41|netdisk.functions.php|isNdasDeviceEnabledRwOrRo|ntfs-3g.probe|returned: 12|/dev/ndas-44700486-0
2012-09-28 14:24:41|netdisk.functions.php|isNdasDeviceEnabledRwOrRo|ntfs-3g.probe|returned: 12|NTFS signature is missing.
2012-09-28 14:24:41|netdisk.functions.php|isNdasBlockDeviceWritable|ntfs-3g.probe|return: 15|The disk contains an unclean file system (0, 0).
2012-09-28 14:26:43|netdisk.functions.php|isNdasDeviceEnabledRwOrRo|ntfs-3g.probe|returned: 18|/dev/ndas-44809965-0
2012-09-28 14:26:43|netdisk.functions.php|isNdasDeviceEnabledRwOrRo|ntfs-3g.probe|returned: 18|Error opening '/dev/ndas-44809965-0': Read-only file system
2012-09-28 14:26:43|netdisk.functions.php|isNdasDeviceEnabledRwOrRo|ntfs-3g.probe|returned: 12|/dev/ndas-44700486-0
2012-09-28 14:26:43|netdisk.functions.php|isNdasDeviceEnabledRwOrRo|ntfs-3g.probe|returned: 12|NTFS signature is missing.
2012-09-28 14:26:43|netdisk.functions.php|isNdasBlockDeviceWritable|ntfs-3g.probe|return: 15|The disk contains an unclean file system (0, 0).
2012-09-28 14:28:37|netdisk.functions.php|isNdasDeviceEnabledRwOrRo|ntfs-3g.probe|returned: 18|/dev/ndas-44809965-0
2012-09-28 14:28:37|netdisk.functions.php|isNdasDeviceEnabledRwOrRo|ntfs-3g.probe|returned: 18|Error opening '/dev/ndas-44809965-0': Read-only file system
2012-09-28 14:28:37|netdisk.functions.php|isNdasDeviceEnabledRwOrRo|ntfs-3g.probe|returned: 12|/dev/ndas-44700486-0
2012-09-28 14:28:37|netdisk.functions.php|isNdasDeviceEnabledRwOrRo|ntfs-3g.probe|returned: 12|NTFS signature is missing.
2012-09-28 14:28:37|netdisk.functions.php|isNdasBlockDeviceWritable|ntfs-3g.probe|return: 15|The disk contains an unclean file system (0, 0).
2012-09-28 14:28:44|netdisk.functions.php|isNdasDeviceEnabledRwOrRo|ntfs-3g.probe|returned: 18|/dev/ndas-44809965-0
2012-09-28 14:28:44|netdisk.functions.php|isNdasDeviceEnabledRwOrRo|ntfs-3g.probe|returned: 18|Error opening '/dev/ndas-44809965-0': Read-only file system
2012-09-28 14:28:44|netdisk.functions.php|isNdasDeviceEnabledRwOrRo|ntfs-3g.probe|returned: 12|/dev/ndas-44700486-0
2012-09-28 14:28:44|netdisk.functions.php|isNdasDeviceEnabledRwOrRo|ntfs-3g.probe|returned: 12|NTFS signature is missing.
2012-09-28 14:28:44|netdisk.functions.php|isNdasBlockDeviceWritable|ntfs-3g.probe|return: 15|The disk contains an unclean file system (0, 0).
2012-09-28 15:34:34|netdisk.functions.php|isNdasDeviceEnabledRwOrRo|ntfs-3g.probe|returned: 18|/dev/ndas-44809965-0
2012-09-28 15:34:34|netdisk.functions.php|isNdasDeviceEnabledRwOrRo|ntfs-3g.probe|returned: 18|Error opening '/dev/ndas-44809965-0': Read-only file system
2012-09-28 15:34:34|netdisk.functions.php|isNdasDeviceEnabledRwOrRo|ntfs-3g.probe|returned: 12|/dev/ndas-44700486-0
2012-09-28 15:34:34|netdisk.functions.php|isNdasDeviceEnabledRwOrRo|ntfs-3g.probe|returned: 12|NTFS signature is missing.
2012-09-28 15:34:34|netdisk.functions.php|isNdasBlockDeviceWritable|ntfs-3g.probe|return: 15|The disk contains an unclean file system (0, 0).
2012-09-28 15:34:44|enable_write.php|failed|sudo /usr/sbin/ndasadmin enable -s 2 -o w 2>&1.
2012-09-28 15:34:44|netdisk.functions.php|isNdasDeviceEnabledRwOrRo|ntfs-3g.probe|returned: 18|/dev/ndas-44809965-0
2012-09-28 15:34:44|netdisk.functions.php|isNdasDeviceEnabledRwOrRo|ntfs-3g.probe|returned: 18|Error opening '/dev/ndas-44809965-0': Read-only file system
2012-09-28 15:34:44|netdisk.functions.php|isNdasDeviceEnabledRwOrRo|ntfs-3g.probe|returned: 12|/dev/ndas-44700486-0
2012-09-28 15:34:44|netdisk.functions.php|isNdasDeviceEnabledRwOrRo|ntfs-3g.probe|returned: 12|NTFS signature is missing.
2012-09-28 15:34:45|netdisk.functions.php|isNdasBlockDeviceWritable|ntfs-3g.probe|return: 15|The disk contains an unclean file system (0, 0).
2012-09-28 22:24:45|netdisk.functions.php|isNdasDeviceEnabledRwOrRo|ntfs-3g.probe|returned: 18|/dev/ndas-44809965-0
2012-09-28 22:24:45|netdisk.functions.php|isNdasDeviceEnabledRwOrRo|ntfs-3g.probe|returned: 18|Error opening '/dev/ndas-44809965-0': Read-only file system
2012-09-28 22:24:45|netdisk.functions.php|isNdasDeviceEnabledRwOrRo|ntfs-3g.probe|returned: 12|/dev/ndas-44700486-0
2012-09-28 22:24:45|netdisk.functions.php|isNdasDeviceEnabledRwOrRo|ntfs-3g.probe|returned: 12|NTFS signature is missing.
2012-09-28 22:24:45|netdisk.functions.php|isNdasBlockDeviceWritable|ntfs-3g.probe|return: 15|The disk contains an unclean file system (0, 0).
2012-09-28 22:25:55|enable_write.php|failed|sudo /usr/sbin/ndasadmin enable -s 2 -o w 2>&1.
2012-09-28 22:25:56|netdisk.functions.php|isNdasDeviceEnabledRwOrRo|ntfs-3g.probe|returned: 18|/dev/ndas-44809965-0
2012-09-28 22:25:56|netdisk.functions.php|isNdasDeviceEnabledRwOrRo|ntfs-3g.probe|returned: 18|Error opening '/dev/ndas-44809965-0': Read-only file system
2012-09-28 22:25:56|netdisk.functions.php|isNdasDeviceEnabledRwOrRo|ntfs-3g.probe|returned: 12|/dev/ndas-44700486-0
2012-09-28 22:25:56|netdisk.functions.php|isNdasDeviceEnabledRwOrRo|ntfs-3g.probe|returned: 12|NTFS signature is missing.
2012-09-28 22:25:56|netdisk.functions.php|isNdasBlockDeviceWritable|ntfs-3g.probe|return: 15|The disk contains an unclean file system (0, 0).
2012-09-28 22:26:50|enable_write.php|failed|sudo /usr/sbin/ndasadmin enable -s 2 -o w 2>&1.
2012-09-28 22:26:50|netdisk.functions.php|isNdasDeviceEnabledRwOrRo|ntfs-3g.probe|returned: 18|/dev/ndas-44809965-0
2012-09-28 22:26:50|netdisk.functions.php|isNdasDeviceEnabledRwOrRo|ntfs-3g.probe|returned: 18|Error opening '/dev/ndas-44809965-0': Read-only file system
2012-09-28 22:26:50|netdisk.functions.php|isNdasDeviceEnabledRwOrRo|ntfs-3g.probe|returned: 12|/dev/ndas-44700486-0
2012-09-28 22:26:50|netdisk.functions.php|isNdasDeviceEnabledRwOrRo|ntfs-3g.probe|returned: 12|NTFS signature is missing.
2012-09-28 22:26:50|netdisk.functions.php|isNdasBlockDeviceWritable|ntfs-3g.probe|return: 15|The disk contains an unclean file system (0, 0).
2012-09-29 07:59:13|netdisk.functions.php|isNdasDeviceEnabledRwOrRo|ntfs-3g.probe|returned: 18|/dev/ndas-44809965-0
2012-09-29 07:59:13|netdisk.functions.php|isNdasDeviceEnabledRwOrRo|ntfs-3g.probe|returned: 18|Error opening '/dev/ndas-44809965-0': Read-only file system
2012-09-29 07:59:13|netdisk.functions.php|isNdasDeviceEnabledRwOrRo|ntfs-3g.probe|returned: 12|/dev/ndas-44700486-0
2012-09-29 07:59:13|netdisk.functions.php|isNdasDeviceEnabledRwOrRo|ntfs-3g.probe|returned: 12|NTFS signature is missing.
2012-09-29 07:59:13|netdisk.functions.php|isNdasBlockDeviceWritable|ntfs-3g.probe|return: 15|The disk contains an unclean file system (0, 0).
2012-09-29 08:01:43|enable_write.php|failed|sudo /usr/sbin/ndasadmin enable -s 2 -o w 2>&1.
2012-09-29 08:02:33|enable_write.php|failed|sudo /usr/sbin/ndasadmin enable -s 2 -o w 2>&1.
2012-09-29 08:02:33|netdisk.functions.php|isNdasDeviceEnabledRwOrRo|ntfs-3g.probe|returned: 18|/dev/ndas-44809965-0
2012-09-29 08:02:33|netdisk.functions.php|isNdasDeviceEnabledRwOrRo|ntfs-3g.probe|returned: 18|Error opening '/dev/ndas-44809965-0': Read-only file system
2012-09-29 08:02:33|netdisk.functions.php|isNdasDeviceEnabledRwOrRo|ntfs-3g.probe|returned: 12|/dev/ndas-44700486-0
2012-09-29 08:02:33|netdisk.functions.php|isNdasDeviceEnabledRwOrRo|ntfs-3g.probe|returned: 12|NTFS signature is missing.
2012-09-29 08:02:33|netdisk.functions.php|isNdasBlockDeviceWritable|ntfs-3g.probe|return: 15|The disk contains an unclean file system (0, 0).
2012-09-29 08:04:23|netdisk.functions.php|isNdasDeviceEnabledRwOrRo|ntfs-3g.probe|returned: 18|/dev/ndas-44809965-0
2012-09-29 08:04:23|netdisk.functions.php|isNdasDeviceEnabledRwOrRo|ntfs-3g.probe|returned: 18|Error opening '/dev/ndas-44809965-0': Read-only file system
2012-09-29 08:04:23|netdisk.functions.php|isNdasDeviceEnabledRwOrRo|ntfs-3g.probe|returned: 12|/dev/ndas-44700486-0
2012-09-29 08:04:23|netdisk.functions.php|isNdasDeviceEnabledRwOrRo|ntfs-3g.probe|returned: 12|NTFS signature is missing.
2012-09-29 08:04:23|netdisk.functions.php|isNdasBlockDeviceWritable|ntfs-3g.probe|return: 15|The disk contains an unclean file system (0, 0).
2012-09-29 08:04:35|enable_write.php|failed|sudo /usr/sbin/ndasadmin enable -s 2 -o w 2>&1.
2012-09-29 08:04:35|netdisk.functions.php|isNdasDeviceEnabledRwOrRo|ntfs-3g.probe|returned: 18|/dev/ndas-44809965-0
2012-09-29 08:04:35|netdisk.functions.php|isNdasDeviceEnabledRwOrRo|ntfs-3g.probe|returned: 18|Error opening '/dev/ndas-44809965-0': Read-only file system
2012-09-29 08:04:35|netdisk.functions.php|isNdasDeviceEnabledRwOrRo|ntfs-3g.probe|returned: 12|/dev/ndas-44700486-0
2012-09-29 08:04:35|netdisk.functions.php|isNdasDeviceEnabledRwOrRo|ntfs-3g.probe|returned: 12|NTFS signature is missing.
2012-09-29 08:04:35|netdisk.functions.php|isNdasBlockDeviceWritable|ntfs-3g.probe|return: 15|The disk contains an unclean file system (0, 0).
2012-09-29 08:06:43|enable_write.php|failed|sudo /usr/sbin/ndasadmin enable -s 2 -o w 2>&1.
2012-09-29 08:06:43|netdisk.functions.php|isNdasDeviceEnabledRwOrRo|ntfs-3g.probe|returned: 18|/dev/ndas-44809965-0
2012-09-29 08:06:43|netdisk.functions.php|isNdasDeviceEnabledRwOrRo|ntfs-3g.probe|returned: 18|Error opening '/dev/ndas-44809965-0': Read-only file system
2012-09-29 08:06:43|netdisk.functions.php|isNdasDeviceEnabledRwOrRo|ntfs-3g.probe|returned: 12|/dev/ndas-44700486-0
2012-09-29 08:06:43|netdisk.functions.php|isNdasDeviceEnabledRwOrRo|ntfs-3g.probe|returned: 12|NTFS signature is missing.
2012-09-29 08:06:43|netdisk.functions.php|isNdasBlockDeviceWritable|ntfs-3g.probe|return: 15|The disk contains an unclean file system (0, 0).
2012-09-29 08:09:34|enable_write.php|failed|sudo /usr/sbin/ndasadmin enable -s 2 -o w 2>&1.
2012-09-29 08:09:35|netdisk.functions.php|isNdasDeviceEnabledRwOrRo|ntfs-3g.probe|returned: 18|/dev/ndas-44809965-0
2012-09-29 08:09:35|netdisk.functions.php|isNdasDeviceEnabledRwOrRo|ntfs-3g.probe|returned: 18|Error opening '/dev/ndas-44809965-0': Read-only file system
2012-09-29 08:09:35|netdisk.functions.php|isNdasDeviceEnabledRwOrRo|ntfs-3g.probe|returned: 12|/dev/ndas-44700486-0
2012-09-29 08:09:35|netdisk.functions.php|isNdasDeviceEnabledRwOrRo|ntfs-3g.probe|returned: 12|NTFS signature is missing.
2012-09-29 08:09:35|netdisk.functions.php|isNdasBlockDeviceWritable|ntfs-3g.probe|return: 15|The disk contains an unclean file system (0, 0).
2012-09-29 08:11:29|enable_write.php|failed|sudo /usr/sbin/ndasadmin enable -s 2 -o w 2>&1.
2012-09-29 08:11:29|netdisk.functions.php|isNdasDeviceEnabledRwOrRo|ntfs-3g.probe|returned: 18|/dev/ndas-44809965-0
2012-09-29 08:11:29|netdisk.functions.php|isNdasDeviceEnabledRwOrRo|ntfs-3g.probe|returned: 18|Error opening '/dev/ndas-44809965-0': Read-only file system
2012-09-29 08:11:29|netdisk.functions.php|isNdasDeviceEnabledRwOrRo|ntfs-3g.probe|returned: 12|/dev/ndas-44700486-0
2012-09-29 08:11:29|netdisk.functions.php|isNdasDeviceEnabledRwOrRo|ntfs-3g.probe|returned: 12|NTFS signature is missing.
2012-09-29 08:11:29|netdisk.functions.php|isNdasBlockDeviceWritable|ntfs-3g.probe|return: 15|The disk contains an unclean file system (0, 0).
2012-09-29 08:12:48|enable_write.php|failed|sudo /usr/sbin/ndasadmin enable -s 2 -o w 2>&1.
2012-09-29 08:12:49|netdisk.functions.php|isNdasDeviceEnabledRwOrRo|ntfs-3g.probe|returned: 18|/dev/ndas-44809965-0
2012-09-29 08:12:49|netdisk.functions.php|isNdasDeviceEnabledRwOrRo|ntfs-3g.probe|returned: 18|Error opening '/dev/ndas-44809965-0': Read-only file system
2012-09-29 08:12:49|netdisk.functions.php|isNdasDeviceEnabledRwOrRo|ntfs-3g.probe|returned: 12|/dev/ndas-44700486-0
2012-09-29 08:12:49|netdisk.functions.php|isNdasDeviceEnabledRwOrRo|ntfs-3g.probe|returned: 12|NTFS signature is missing.
2012-09-29 08:12:49|netdisk.functions.php|isNdasBlockDeviceWritable|ntfs-3g.probe|return: 15|The disk contains an unclean file system (0, 0).
2012-09-29 08:13:05|enable_write.php|requestrw|failed|ndasadmin request -s $slot.
2012-09-29 08:13:06|netdisk.functions.php|isNdasDeviceEnabledRwOrRo|ntfs-3g.probe|returned: 18|/dev/ndas-44809965-0
2012-09-29 08:13:06|netdisk.functions.php|isNdasDeviceEnabledRwOrRo|ntfs-3g.probe|returned: 18|Error opening '/dev/ndas-44809965-0': Read-only file system
2012-09-29 08:13:06|netdisk.functions.php|isNdasDeviceEnabledRwOrRo|ntfs-3g.probe|returned: 12|/dev/ndas-44700486-0
2012-09-29 08:13:06|netdisk.functions.php|isNdasDeviceEnabledRwOrRo|ntfs-3g.probe|returned: 12|NTFS signature is missing.
2012-09-29 08:13:06|netdisk.functions.php|isNdasBlockDeviceWritable|ntfs-3g.probe|return: 15|The disk contains an unclean file system (0, 0).
2012-09-29 08:14:00|enable_write.php|failed|sudo /usr/sbin/ndasadmin enable -s 2 -o w 2>&1.
2012-09-29 08:14:00|netdisk.functions.php|isNdasDeviceEnabledRwOrRo|ntfs-3g.probe|returned: 18|/dev/ndas-44809965-0
2012-09-29 08:14:00|netdisk.functions.php|isNdasDeviceEnabledRwOrRo|ntfs-3g.probe|returned: 18|Error opening '/dev/ndas-44809965-0': Read-only file system
2012-09-29 08:14:00|netdisk.functions.php|isNdasDeviceEnabledRwOrRo|ntfs-3g.probe|returned: 12|/dev/ndas-44700486-0
2012-09-29 08:14:00|netdisk.functions.php|isNdasDeviceEnabledRwOrRo|ntfs-3g.probe|returned: 12|NTFS signature is missing.
2012-09-29 08:14:00|netdisk.functions.php|isNdasBlockDeviceWritable|ntfs-3g.probe|return: 15|The disk contains an unclean file system (0, 0).
2012-09-29 08:14:33|enable_write.php|failed|sudo /usr/sbin/ndasadmin enable -s 2 -o w 2>&1.
2012-09-29 08:14:33|netdisk.functions.php|isNdasDeviceEnabledRwOrRo|ntfs-3g.probe|returned: 18|/dev/ndas-44809965-0
2012-09-29 08:14:33|netdisk.functions.php|isNdasDeviceEnabledRwOrRo|ntfs-3g.probe|returned: 18|Error opening '/dev/ndas-44809965-0': Read-only file system
2012-09-29 08:14:33|netdisk.functions.php|isNdasDeviceEnabledRwOrRo|ntfs-3g.probe|returned: 12|/dev/ndas-44700486-0
2012-09-29 08:14:33|netdisk.functions.php|isNdasDeviceEnabledRwOrRo|ntfs-3g.probe|returned: 12|NTFS signature is missing.
2012-09-29 08:14:33|netdisk.functions.php|isNdasBlockDeviceWritable|ntfs-3g.probe|return: 15|The disk contains an unclean file system (0, 0).
2012-09-29 08:14:40|enable_write.php|requestrw|failed|ndasadmin request -s 2.
2012-09-29 08:14:41|netdisk.functions.php|isNdasDeviceEnabledRwOrRo|ntfs-3g.probe|returned: 18|/dev/ndas-44809965-0
2012-09-29 08:14:41|netdisk.functions.php|isNdasDeviceEnabledRwOrRo|ntfs-3g.probe|returned: 18|Error opening '/dev/ndas-44809965-0': Read-only file system
2012-09-29 08:14:41|netdisk.functions.php|isNdasDeviceEnabledRwOrRo|ntfs-3g.probe|returned: 12|/dev/ndas-44700486-0
2012-09-29 08:14:41|netdisk.functions.php|isNdasDeviceEnabledRwOrRo|ntfs-3g.probe|returned: 12|NTFS signature is missing.
2012-09-29 08:14:41|netdisk.functions.php|isNdasBlockDeviceWritable|ntfs-3g.probe|return: 15|The disk contains an unclean file system (0, 0).
2012-09-29 08:17:23|enable_write.php|failed|sudo /usr/sbin/ndasadmin enable -s 2 -o w 2>&1.
2012-09-29 08:17:24|netdisk.functions.php|isNdasDeviceEnabledRwOrRo|ntfs-3g.probe|returned: 18|/dev/ndas-44809965-0
2012-09-29 08:17:24|netdisk.functions.php|isNdasDeviceEnabledRwOrRo|ntfs-3g.probe|returned: 18|Error opening '/dev/ndas-44809965-0': Read-only file system
2012-09-29 08:17:24|netdisk.functions.php|isNdasDeviceEnabledRwOrRo|ntfs-3g.probe|returned: 12|/dev/ndas-44700486-0
2012-09-29 08:17:24|netdisk.functions.php|isNdasDeviceEnabledRwOrRo|ntfs-3g.probe|returned: 12|NTFS signature is missing.
2012-09-29 08:17:24|netdisk.functions.php|isNdasBlockDeviceWritable|ntfs-3g.probe|return: 15|The disk contains an unclean file system (0, 0).
2012-09-29 08:17:28|enable_write.php|requestrw|failed|ndasadmin request -s 2.
2012-09-29 08:17:28|netdisk.functions.php|isNdasDeviceEnabledRwOrRo|ntfs-3g.probe|returned: 18|/dev/ndas-44809965-0
2012-09-29 08:17:28|netdisk.functions.php|isNdasDeviceEnabledRwOrRo|ntfs-3g.probe|returned: 18|Error opening '/dev/ndas-44809965-0': Read-only file system
2012-09-29 08:17:28|netdisk.functions.php|isNdasDeviceEnabledRwOrRo|ntfs-3g.probe|returned: 12|/dev/ndas-44700486-0
2012-09-29 08:17:28|netdisk.functions.php|isNdasDeviceEnabledRwOrRo|ntfs-3g.probe|returned: 12|NTFS signature is missing.
2012-09-29 08:17:28|netdisk.functions.php|isNdasBlockDeviceWritable|ntfs-3g.probe|return: 15|The disk contains an unclean file system (0, 0).
2012-09-29 08:18:05|enable_write.php|requestrw|failed|ndasadmin request -s 2 2>&1.
2012-09-29 08:18:05|enable_write.php|requestrw|failed|output|sh: 1: ndasadmin: not found.
2012-09-29 08:18:05|netdisk.functions.php|isNdasDeviceEnabledRwOrRo|ntfs-3g.probe|returned: 18|/dev/ndas-44809965-0
2012-09-29 08:18:05|netdisk.functions.php|isNdasDeviceEnabledRwOrRo|ntfs-3g.probe|returned: 18|Error opening '/dev/ndas-44809965-0': Read-only file system
2012-09-29 08:18:05|netdisk.functions.php|isNdasDeviceEnabledRwOrRo|ntfs-3g.probe|returned: 12|/dev/ndas-44700486-0
2012-09-29 08:18:05|netdisk.functions.php|isNdasDeviceEnabledRwOrRo|ntfs-3g.probe|returned: 12|NTFS signature is missing.
2012-09-29 08:18:05|netdisk.functions.php|isNdasBlockDeviceWritable|ntfs-3g.probe|return: 15|The disk contains an unclean file system (0, 0).
2012-09-29 08:19:23|enable_write.php|requestrw|failed|ndasadmin request -s 2 2>&1.
2012-09-29 08:19:23|enable_write.php|requestrw|failed|output|sh: 1: ndasadmin: not found.
2012-09-29 08:19:24|netdisk.functions.php|isNdasDeviceEnabledRwOrRo|ntfs-3g.probe|returned: 18|/dev/ndas-44809965-0
2012-09-29 08:19:24|netdisk.functions.php|isNdasDeviceEnabledRwOrRo|ntfs-3g.probe|returned: 18|Error opening '/dev/ndas-44809965-0': Read-only file system
2012-09-29 08:19:24|netdisk.functions.php|isNdasDeviceEnabledRwOrRo|ntfs-3g.probe|returned: 12|/dev/ndas-44700486-0
2012-09-29 08:19:24|netdisk.functions.php|isNdasDeviceEnabledRwOrRo|ntfs-3g.probe|returned: 12|NTFS signature is missing.
2012-09-29 08:19:24|netdisk.functions.php|isNdasBlockDeviceWritable|ntfs-3g.probe|return: 15|The disk contains an unclean file system (0, 0).
2012-09-29 08:24:37|netdisk.functions.php|isNdasDeviceEnabledRwOrRo|ntfs-3g.probe|returned: 18|/dev/ndas-44809965-0
2012-09-29 08:24:37|netdisk.functions.php|isNdasDeviceEnabledRwOrRo|ntfs-3g.probe|returned: 18|Error opening '/dev/ndas-44809965-0': Read-only file system
2012-09-29 08:24:37|netdisk.functions.php|isNdasDeviceEnabledRwOrRo|ntfs-3g.probe|returned: 12|/dev/ndas-44700486-0
2012-09-29 08:24:37|netdisk.functions.php|isNdasDeviceEnabledRwOrRo|ntfs-3g.probe|returned: 12|NTFS signature is missing.
2012-09-29 08:24:37|netdisk.functions.php|isNdasBlockDeviceWritable|ntfs-3g.probe|return: 15|The disk contains an unclean file system (0, 0).
2012-09-29 08:24:57|netdisk.functions.php|isNdasDeviceEnabledRwOrRo|ntfs-3g.probe|returned: 18|/dev/ndas-44809965-0
2012-09-29 08:24:57|netdisk.functions.php|isNdasDeviceEnabledRwOrRo|ntfs-3g.probe|returned: 18|Error opening '/dev/ndas-44809965-0': Read-only file system
2012-09-29 08:24:57|netdisk.functions.php|isNdasDeviceEnabledRwOrRo|ntfs-3g.probe|returned: 12|/dev/ndas-44700486-0
2012-09-29 08:24:57|netdisk.functions.php|isNdasDeviceEnabledRwOrRo|ntfs-3g.probe|returned: 12|NTFS signature is missing.
2012-09-29 08:24:58|netdisk.functions.php|isNdasBlockDeviceWritable|ntfs-3g.probe|return: 15|The disk contains an unclean file system (0, 0).
2012-09-29 08:54:31|netdisk.functions.php|isNdasDeviceEnabledRwOrRo|ntfs-3g.probe|returned: 18|/dev/ndas-44809965-0
2012-09-29 08:54:31|netdisk.functions.php|isNdasDeviceEnabledRwOrRo|ntfs-3g.probe|returned: 18|Error opening '/dev/ndas-44809965-0': Read-only file system
2012-09-29 08:54:31|netdisk.functions.php|isNdasDeviceEnabledRwOrRo|ntfs-3g.probe|returned: 12|/dev/ndas-44700486-0
2012-09-29 08:54:31|netdisk.functions.php|isNdasDeviceEnabledRwOrRo|ntfs-3g.probe|returned: 12|NTFS signature is missing.
2012-09-29 08:54:31|netdisk.functions.php|isNdasBlockDeviceWritable|ntfs-3g.probe|return: 15|The disk contains an unclean file system (0, 0).
2012-09-29 08:55:14|netdisk.functions.php|isNdasDeviceEnabledRwOrRo|ntfs-3g.probe|returned: 18|/dev/ndas-44809965-0
2012-09-29 08:55:14|netdisk.functions.php|isNdasDeviceEnabledRwOrRo|ntfs-3g.probe|returned: 18|Error opening '/dev/ndas-44809965-0': Read-only file system
2012-09-29 08:55:14|netdisk.functions.php|isNdasDeviceEnabledRwOrRo|ntfs-3g.probe|returned: 12|/dev/ndas-44700486-0
2012-09-29 08:55:14|netdisk.functions.php|isNdasDeviceEnabledRwOrRo|ntfs-3g.probe|returned: 12|NTFS signature is missing.
2012-09-29 08:55:14|netdisk.functions.php|isNdasBlockDeviceWritable|ntfs-3g.probe|return: 15|The disk contains an unclean file system (0, 0).
2012-09-29 09:00:33|netdisk.functions.php|isNdasDeviceEnabledRwOrRo|ntfs-3g.probe|returned: 18|/dev/ndas-44809965-0
2012-09-29 09:00:33|netdisk.functions.php|isNdasDeviceEnabledRwOrRo|ntfs-3g.probe|returned: 18|Error opening '/dev/ndas-44809965-0': Read-only file system
2012-09-29 09:00:33|netdisk.functions.php|isNdasDeviceEnabledRwOrRo|ntfs-3g.probe|returned: 12|/dev/ndas-44700486-0
2012-09-29 09:00:33|netdisk.functions.php|isNdasDeviceEnabledRwOrRo|ntfs-3g.probe|returned: 12|NTFS signature is missing.
2012-09-29 09:00:33|netdisk.functions.php|isNdasBlockDeviceWritable|ntfs-3g.probe|return: 15|The disk contains an unclean file system (0, 0).
2012-09-29 09:04:57|netdisk.functions.php|isNdasDeviceEnabledRwOrRo|ntfs-3g.probe|returned: 18|/dev/ndas-44809965-0
2012-09-29 09:04:57|netdisk.functions.php|isNdasDeviceEnabledRwOrRo|ntfs-3g.probe|returned: 18|Error opening '/dev/ndas-44809965-0': Read-only file system
2012-09-29 09:04:57|netdisk.functions.php|isNdasDeviceEnabledRwOrRo|ntfs-3g.probe|returned: 12|/dev/ndas-44700486-0
2012-09-29 09:04:57|netdisk.functions.php|isNdasDeviceEnabledRwOrRo|ntfs-3g.probe|returned: 12|NTFS signature is missing.
2012-09-29 09:04:57|netdisk.functions.php|isNdasBlockDeviceWritable|ntfs-3g.probe|return: 15|The disk contains an unclean file system (0, 0).
2012-09-29 09:07:16|netdisk.functions.php|isNdasDeviceEnabledRwOrRo|ntfs-3g.probe|returned: 18|/dev/ndas-44809965-0
2012-09-29 09:07:16|netdisk.functions.php|isNdasDeviceEnabledRwOrRo|ntfs-3g.probe|returned: 18|Error opening '/dev/ndas-44809965-0': Read-only file system
2012-09-29 09:07:16|netdisk.functions.php|isNdasDeviceEnabledRwOrRo|ntfs-3g.probe|returned: 12|/dev/ndas-44700486-0
2012-09-29 09:07:16|netdisk.functions.php|isNdasDeviceEnabledRwOrRo|ntfs-3g.probe|returned: 12|NTFS signature is missing.
2012-09-29 09:07:16|netdisk.functions.php|isNdasBlockDeviceWritable|ntfs-3g.probe|return: 15|The disk contains an unclean file system (0, 0).
2012-09-29 09:08:58|enable_write.php|failed|sudo /usr/sbin/ndasadmin enable -s 2 -o w 2>&1.
2012-09-29 09:08:59|netdisk.functions.php|isNdasDeviceEnabledRwOrRo|ntfs-3g.probe|returned: 18|/dev/ndas-44809965-0
2012-09-29 09:08:59|netdisk.functions.php|isNdasDeviceEnabledRwOrRo|ntfs-3g.probe|returned: 18|Error opening '/dev/ndas-44809965-0': Read-only file system
2012-09-29 09:08:59|netdisk.functions.php|isNdasDeviceEnabledRwOrRo|ntfs-3g.probe|returned: 12|/dev/ndas-44700486-0
2012-09-29 09:08:59|netdisk.functions.php|isNdasDeviceEnabledRwOrRo|ntfs-3g.probe|returned: 12|NTFS signature is missing.
2012-09-29 09:08:59|netdisk.functions.php|isNdasBlockDeviceWritable|ntfs-3g.probe|return: 15|The disk contains an unclean file system (0, 0).
2012-09-29 09:10:09|enable_write.php|failed|sudo /usr/sbin/ndasadmin enable -s 2 -o w 2>&1.
2012-09-29 09:10:09|netdisk.functions.php|isNdasDeviceEnabledRwOrRo|ntfs-3g.probe|returned: 18|/dev/ndas-44809965-0
2012-09-29 09:10:09|netdisk.functions.php|isNdasDeviceEnabledRwOrRo|ntfs-3g.probe|returned: 18|Error opening '/dev/ndas-44809965-0': Read-only file system
2012-09-29 09:10:09|netdisk.functions.php|isNdasDeviceEnabledRwOrRo|ntfs-3g.probe|returned: 12|/dev/ndas-44700486-0
2012-09-29 09:10:09|netdisk.functions.php|isNdasDeviceEnabledRwOrRo|ntfs-3g.probe|returned: 12|NTFS signature is missing.
2012-09-29 09:10:09|netdisk.functions.php|isNdasBlockDeviceWritable|ntfs-3g.probe|return: 15|The disk contains an unclean file system (0, 0).
2012-09-29 09:10:37|enable_write.php|failed|sudo /usr/sbin/ndasadmin enable -s 2 -o w 2>&1.
2012-09-29 09:10:37|netdisk.functions.php|isNdasDeviceEnabledRwOrRo|ntfs-3g.probe|returned: 18|/dev/ndas-44809965-0
2012-09-29 09:10:37|netdisk.functions.php|isNdasDeviceEnabledRwOrRo|ntfs-3g.probe|returned: 18|Error opening '/dev/ndas-44809965-0': Read-only file system
2012-09-29 09:10:38|netdisk.functions.php|isNdasDeviceEnabledRwOrRo|ntfs-3g.probe|returned: 12|/dev/ndas-44700486-0
2012-09-29 09:10:38|netdisk.functions.php|isNdasDeviceEnabledRwOrRo|ntfs-3g.probe|returned: 12|NTFS signature is missing.
2012-09-29 09:10:38|netdisk.functions.php|isNdasBlockDeviceWritable|ntfs-3g.probe|return: 15|The disk contains an unclean file system (0, 0).
2012-09-29 09:10:57|netdisk.functions.php|isNdasDeviceEnabledRwOrRo|ntfs-3g.probe|returned: 18|/dev/ndas-44809965-0
2012-09-29 09:10:57|netdisk.functions.php|isNdasDeviceEnabledRwOrRo|ntfs-3g.probe|returned: 18|Error opening '/dev/ndas-44809965-0': Read-only file system
2012-09-29 09:10:57|netdisk.functions.php|isNdasDeviceEnabledRwOrRo|ntfs-3g.probe|returned: 12|/dev/ndas-44700486-0
2012-09-29 09:10:57|netdisk.functions.php|isNdasDeviceEnabledRwOrRo|ntfs-3g.probe|returned: 12|NTFS signature is missing.
2012-09-29 09:10:57|netdisk.functions.php|isNdasBlockDeviceWritable|ntfs-3g.probe|return: 15|The disk contains an unclean file system (0, 0).
2012-09-29 09:11:47|enable_write.php|failed|sudo /usr/sbin/ndasadmin enable -s 2 -o w 2>&1.
2012-09-29 09:11:47|netdisk.functions.php|isNdasDeviceEnabledRwOrRo|ntfs-3g.probe|returned: 18|/dev/ndas-44809965-0
2012-09-29 09:11:47|netdisk.functions.php|isNdasDeviceEnabledRwOrRo|ntfs-3g.probe|returned: 18|Error opening '/dev/ndas-44809965-0': Read-only file system
2012-09-29 09:11:47|netdisk.functions.php|isNdasDeviceEnabledRwOrRo|ntfs-3g.probe|returned: 12|/dev/ndas-44700486-0
2012-09-29 09:11:47|netdisk.functions.php|isNdasDeviceEnabledRwOrRo|ntfs-3g.probe|returned: 12|NTFS signature is missing.
2012-09-29 09:11:47|netdisk.functions.php|isNdasBlockDeviceWritable|ntfs-3g.probe|return: 15|The disk contains an unclean file system (0, 0).
2012-09-29 09:12:04|netdisk.functions.php|isNdasDeviceEnabledRwOrRo|ntfs-3g.probe|returned: 18|/dev/ndas-44809965-0
2012-09-29 09:12:04|netdisk.functions.php|isNdasDeviceEnabledRwOrRo|ntfs-3g.probe|returned: 18|Error opening '/dev/ndas-44809965-0': Read-only file system
2012-09-29 09:12:04|netdisk.functions.php|isNdasDeviceEnabledRwOrRo|ntfs-3g.probe|returned: 12|/dev/ndas-44700486-0
2012-09-29 09:12:04|netdisk.functions.php|isNdasDeviceEnabledRwOrRo|ntfs-3g.probe|returned: 12|NTFS signature is missing.
2012-09-29 09:12:04|netdisk.functions.php|isNdasBlockDeviceWritable|ntfs-3g.probe|return: 15|The disk contains an unclean file system (0, 0).
2012-09-29 09:13:29|enable_write.php|failed|sudo /usr/sbin/ndasadmin enable -s 2 -o w 2>&1.
2012-09-29 09:13:30|netdisk.functions.php|isNdasDeviceEnabledRwOrRo|ntfs-3g.probe|returned: 18|/dev/ndas-44809965-0
2012-09-29 09:13:30|netdisk.functions.php|isNdasDeviceEnabledRwOrRo|ntfs-3g.probe|returned: 18|Error opening '/dev/ndas-44809965-0': Read-only file system
2012-09-29 09:13:30|netdisk.functions.php|isNdasDeviceEnabledRwOrRo|ntfs-3g.probe|returned: 12|/dev/ndas-44700486-0
2012-09-29 09:13:30|netdisk.functions.php|isNdasDeviceEnabledRwOrRo|ntfs-3g.probe|returned: 12|NTFS signature is missing.
2012-09-29 09:13:30|netdisk.functions.php|isNdasBlockDeviceWritable|ntfs-3g.probe|return: 15|The disk contains an unclean file system (0, 0).
2012-09-29 09:13:37|netdisk.functions.php|isNdasDeviceEnabledRwOrRo|ntfs-3g.probe|returned: 18|/dev/ndas-44809965-0
2012-09-29 09:13:37|netdisk.functions.php|isNdasDeviceEnabledRwOrRo|ntfs-3g.probe|returned: 18|Error opening '/dev/ndas-44809965-0': Read-only file system
2012-09-29 09:13:37|netdisk.functions.php|isNdasDeviceEnabledRwOrRo|ntfs-3g.probe|returned: 12|/dev/ndas-44700486-0
2012-09-29 09:13:37|netdisk.functions.php|isNdasDeviceEnabledRwOrRo|ntfs-3g.probe|returned: 12|NTFS signature is missing.
2012-09-29 09:13:37|netdisk.functions.php|isNdasBlockDeviceWritable|ntfs-3g.probe|return: 15|The disk contains an unclean file system (0, 0).
2012-09-29 09:14:00|enable_write.php|failed|sudo /usr/sbin/ndasadmin enable -s 2 -o w 2>&1.
2012-09-29 09:14:00|netdisk.functions.php|isNdasDeviceEnabledRwOrRo|ntfs-3g.probe|returned: 18|/dev/ndas-44809965-0
2012-09-29 09:14:00|netdisk.functions.php|isNdasDeviceEnabledRwOrRo|ntfs-3g.probe|returned: 18|Error opening '/dev/ndas-44809965-0': Read-only file system
2012-09-29 09:14:00|netdisk.functions.php|isNdasDeviceEnabledRwOrRo|ntfs-3g.probe|returned: 12|/dev/ndas-44700486-0
2012-09-29 09:14:00|netdisk.functions.php|isNdasDeviceEnabledRwOrRo|ntfs-3g.probe|returned: 12|NTFS signature is missing.
2012-09-29 09:14:00|netdisk.functions.php|isNdasBlockDeviceWritable|ntfs-3g.probe|return: 15|The disk contains an unclean file system (0, 0).
2012-09-29 09:14:54|netdisk.functions.php|isNdasDeviceEnabledRwOrRo|ntfs-3g.probe|returned: 18|/dev/ndas-44809965-0
2012-09-29 09:14:54|netdisk.functions.php|isNdasDeviceEnabledRwOrRo|ntfs-3g.probe|returned: 18|Error opening '/dev/ndas-44809965-0': Read-only file system
2012-09-29 09:14:54|netdisk.functions.php|isNdasDeviceEnabledRwOrRo|ntfs-3g.probe|returned: 12|/dev/ndas-44700486-0
2012-09-29 09:14:54|netdisk.functions.php|isNdasDeviceEnabledRwOrRo|ntfs-3g.probe|returned: 12|NTFS signature is missing.
2012-09-29 09:14:54|netdisk.functions.php|isNdasBlockDeviceWritable|ntfs-3g.probe|return: 15|The disk contains an unclean file system (0, 0).
2012-09-29 09:16:53|enable_write.php|enablerw|failed|sudo /usr/sbin/ndasadmin enable -s 2 -o w 2>&1.
2012-09-29 09:16:53|enable_write.php|enablerw|failed|enable: You did not provide a valid write key or slot 2 is exclusively accessed by other host..
2012-09-29 09:16:53|enable_write.php|enablerw|failed|Execute the following command to send the request for the write permission..
2012-09-29 09:16:53|enable_write.php|enablerw|failed|ndasadmin request -s 2.
2012-09-29 09:16:54|netdisk.functions.php|isNdasDeviceEnabledRwOrRo|ntfs-3g.probe|returned: 18|/dev/ndas-44809965-0
2012-09-29 09:16:54|netdisk.functions.php|isNdasDeviceEnabledRwOrRo|ntfs-3g.probe|returned: 18|Error opening '/dev/ndas-44809965-0': Read-only file system
2012-09-29 09:16:54|netdisk.functions.php|isNdasDeviceEnabledRwOrRo|ntfs-3g.probe|returned: 12|/dev/ndas-44700486-0
2012-09-29 09:16:54|netdisk.functions.php|isNdasDeviceEnabledRwOrRo|ntfs-3g.probe|returned: 12|NTFS signature is missing.
2012-09-29 09:16:54|netdisk.functions.php|isNdasBlockDeviceWritable|ntfs-3g.probe|return: 15|The disk contains an unclean file system (0, 0).
2012-09-29 09:17:46|netdisk.functions.php|isNdasDeviceEnabledRwOrRo|ntfs-3g.probe|returned: 18|/dev/ndas-44809965-0
2012-09-29 09:17:46|netdisk.functions.php|isNdasDeviceEnabledRwOrRo|ntfs-3g.probe|returned: 18|Error opening '/dev/ndas-44809965-0': Read-only file system
2012-09-29 09:17:46|netdisk.functions.php|isNdasDeviceEnabledRwOrRo|ntfs-3g.probe|returned: 12|/dev/ndas-44700486-0
2012-09-29 09:17:46|netdisk.functions.php|isNdasDeviceEnabledRwOrRo|ntfs-3g.probe|returned: 12|NTFS signature is missing.
2012-09-29 09:17:46|netdisk.functions.php|isNdasBlockDeviceWritable|ntfs-3g.probe|return: 15|The disk contains an unclean file system (0, 0).
2012-09-29 09:29:21|netdisk.functions.php|isNdasDeviceEnabledRwOrRo|ntfs-3g.probe|returned: 18|/dev/ndas-44809965-0
2012-09-29 09:29:21|netdisk.functions.php|isNdasDeviceEnabledRwOrRo|ntfs-3g.probe|returned: 18|Error opening '/dev/ndas-44809965-0': Read-only file system
2012-09-29 09:29:21|netdisk.functions.php|isNdasDeviceEnabledRwOrRo|ntfs-3g.probe|returned: 12|/dev/ndas-44809965-1
2012-09-29 09:29:21|netdisk.functions.php|isNdasDeviceEnabledRwOrRo|ntfs-3g.probe|returned: 12|NTFS signature is missing.
2012-09-29 09:29:21|netdisk.functions.php|isNdasDeviceEnabledRwOrRo|ntfs-3g.probe|returned: 12|/dev/ndas-44700486-0
2012-09-29 09:29:21|netdisk.functions.php|isNdasDeviceEnabledRwOrRo|ntfs-3g.probe|returned: 12|NTFS signature is missing.
2012-09-29 09:29:21|netdisk.functions.php|isNdasBlockDeviceWritable|ntfs-3g.probe|return: 15|The disk contains an unclean file system (0, 0).
2012-09-29 12:07:54|netdisk.functions.php|isNdasDeviceEnabledRwOrRo|ntfs-3g.probe|returned: 18|/dev/ndas-44809965-0
2012-09-29 12:07:54|netdisk.functions.php|isNdasDeviceEnabledRwOrRo|ntfs-3g.probe|returned: 18|Error opening '/dev/ndas-44809965-0': Read-only file system
2012-09-29 12:08:03|netdisk.functions.php|isNdasDeviceEnabledRwOrRo|ntfs-3g.probe|returned: 12|/dev/ndas-44809965-1
2012-09-29 12:08:03|netdisk.functions.php|isNdasDeviceEnabledRwOrRo|ntfs-3g.probe|returned: 12|NTFS signature is missing.
2012-09-29 12:08:03|netdisk.functions.php|isNdasDeviceEnabledRwOrRo|ntfs-3g.probe|returned: 12|/dev/ndas-44700486-0
2012-09-29 12:08:03|netdisk.functions.php|isNdasDeviceEnabledRwOrRo|ntfs-3g.probe|returned: 12|NTFS signature is missing.
2012-09-29 12:08:03|netdisk.functions.php|isNdasBlockDeviceWritable|ntfs-3g.probe|return: 15|The disk contains an unclean file system (0, 0).
2012-09-29 12:32:53|netdisk.functions.php|isNdasDeviceEnabledRwOrRo|ntfs-3g.probe|returned: 18|/dev/ndas-44809965-0
2012-09-29 12:32:53|netdisk.functions.php|isNdasDeviceEnabledRwOrRo|ntfs-3g.probe|returned: 18|Error opening '/dev/ndas-44809965-0': Read-only file system
2012-09-29 12:32:53|netdisk.functions.php|isNdasDeviceEnabledRwOrRo|ntfs-3g.probe|returned: 12|/dev/ndas-44700486-0
2012-09-29 12:32:53|netdisk.functions.php|isNdasDeviceEnabledRwOrRo|ntfs-3g.probe|returned: 12|NTFS signature is missing.
2012-09-29 12:32:53|netdisk.functions.php|isNdasBlockDeviceWritable|ntfs-3g.probe|return: 15|The disk contains an unclean file system (0, 0).
2012-09-29 12:34:15|netdisk.functions.php|isNdasDeviceEnabledRwOrRo|ntfs-3g.probe|returned: 18|/dev/ndas-44809965-0
2012-09-29 12:34:15|netdisk.functions.php|isNdasDeviceEnabledRwOrRo|ntfs-3g.probe|returned: 18|Error opening '/dev/ndas-44809965-0': Read-only file system
2012-09-29 12:34:15|netdisk.functions.php|isNdasDeviceEnabledRwOrRo|ntfs-3g.probe|returned: 12|/dev/ndas-44700486-0
2012-09-29 12:34:15|netdisk.functions.php|isNdasDeviceEnabledRwOrRo|ntfs-3g.probe|returned: 12|NTFS signature is missing.
2012-09-29 12:34:54|netdisk.functions.php|isNdasDeviceEnabledRwOrRo|ntfs-3g.probe|returned: 18|/dev/ndas-44809965-0
2012-09-29 12:34:54|netdisk.functions.php|isNdasDeviceEnabledRwOrRo|ntfs-3g.probe|returned: 18|Error opening '/dev/ndas-44809965-0': Read-only file system
2012-09-29 12:34:54|netdisk.functions.php|isNdasDeviceEnabledRwOrRo|ntfs-3g.probe|returned: 12|/dev/ndas-44700486-0
2012-09-29 12:34:54|netdisk.functions.php|isNdasDeviceEnabledRwOrRo|ntfs-3g.probe|returned: 12|NTFS signature is missing.
2012-10-01 15:56:57|netdisk.functions.php|isNdasDeviceEnabledRwOrRo|ntfs-3g.probe|returned: 18|/dev/ndas-44809965-0
2012-10-01 15:56:57|netdisk.functions.php|isNdasDeviceEnabledRwOrRo|ntfs-3g.probe|returned: 18|Error opening '/dev/ndas-44809965-0': Read-only file system
2012-10-01 15:57:04|netdisk.functions.php|isNdasDeviceEnabledRwOrRo|ntfs-3g.probe|returned: 12|/dev/ndas-44700486-0
2012-10-01 15:57:04|netdisk.functions.php|isNdasDeviceEnabledRwOrRo|ntfs-3g.probe|returned: 12|NTFS signature is missing.
2012-10-01 16:05:54|netdisk.functions.php|isNdasDeviceEnabledRwOrRo|ntfs-3g.probe|returned: 12|/dev/ndas-44700486-0
2012-10-01 16:05:54|netdisk.functions.php|isNdasDeviceEnabledRwOrRo|ntfs-3g.probe|returned: 12|NTFS signature is missing.
2012-10-01 17:46:44|setscheduler.php|set|failed|echo  deadline > /sys/block/ndas-44700486-0/queue/scheduler 2>&1.
2012-10-01 17:48:46|setscheduler.php|set|failed|sudo echo deadline > /sys/block/ndas-44700486-0/queue/scheduler 2>&1.
2012-10-01 18:12:36|setscheduler.php|set|failed|returned: 2.
2013-01-19 03:55:57|netdisk.functions.php|isNdasDeviceEnabledRwOrRo|ntfs-3g.probe|returned: 12|/dev/ndas-44812187-1
2013-01-19 03:55:58|netdisk.functions.php|isNdasDeviceEnabledRwOrRo|ntfs-3g.probe|returned: 12|NTFS signature is missing.
2013-01-19 03:56:05|netdisk.functions.php|isNdasDeviceEnabledRwOrRo|ntfs-3g.probe|returned: 12|/dev/ndas-44700486-0
2013-01-19 03:56:05|netdisk.functions.php|isNdasDeviceEnabledRwOrRo|ntfs-3g.probe|returned: 12|NTFS signature is missing.
2013-01-19 03:56:05|netdisk.functions.php|isNdasDeviceEnabledRwOrRo|ntfs-3g.probe|returned: 12|/dev/ndas-44812187-1
2013-01-19 03:56:05|netdisk.functions.php|isNdasDeviceEnabledRwOrRo|ntfs-3g.probe|returned: 12|NTFS signature is missing.
2013-01-19 03:56:05|netdisk.functions.php|isNdasDeviceEnabledRwOrRo|ntfs-3g.probe|returned: 12|/dev/ndas-44700486-0
2013-01-19 03:56:05|netdisk.functions.php|isNdasDeviceEnabledRwOrRo|ntfs-3g.probe|returned: 12|NTFS signature is missing.
2013-01-19 03:56:17|netdisk.functions.php|isNdasDeviceEnabledRwOrRo|ntfs-3g.probe|returned: 12|/dev/ndas-44812187-1
2013-01-19 03:56:17|netdisk.functions.php|isNdasDeviceEnabledRwOrRo|ntfs-3g.probe|returned: 12|NTFS signature is missing.
2013-01-19 03:56:17|netdisk.functions.php|isNdasDeviceEnabledRwOrRo|ntfs-3g.probe|returned: 12|/dev/ndas-44700486-0
2013-01-19 03:56:17|netdisk.functions.php|isNdasDeviceEnabledRwOrRo|ntfs-3g.probe|returned: 12|NTFS signature is missing.
2013-01-19 03:57:37|netdisk.functions.php|isNdasDeviceEnabledRwOrRo|ntfs-3g.probe|returned: 12|/dev/ndas-44812187-1
2013-01-19 03:57:37|netdisk.functions.php|isNdasDeviceEnabledRwOrRo|ntfs-3g.probe|returned: 12|NTFS signature is missing.
2013-01-19 03:57:37|netdisk.functions.php|isNdasDeviceEnabledRwOrRo|ntfs-3g.probe|returned: 12|/dev/ndas-44700486-0
2013-01-19 03:57:37|netdisk.functions.php|isNdasDeviceEnabledRwOrRo|ntfs-3g.probe|returned: 12|NTFS signature is missing.
2013-01-19 08:08:24|netdisk.functions.php|isNdasDeviceEnabledRwOrRo|ntfs-3g.probe|returned: 12|/dev/ndas-44812187-1
2013-01-19 08:08:24|netdisk.functions.php|isNdasDeviceEnabledRwOrRo|ntfs-3g.probe|returned: 12|NTFS signature is missing.
2013-01-19 08:08:31|netdisk.functions.php|isNdasDeviceEnabledRwOrRo|ntfs-3g.probe|returned: 12|/dev/ndas-44700486-0
2013-01-19 08:08:31|netdisk.functions.php|isNdasDeviceEnabledRwOrRo|ntfs-3g.probe|returned: 12|NTFS signature is missing.
2013-01-19 08:09:28|netdisk.functions.php|isNdasDeviceEnabledRwOrRo|ntfs-3g.probe|returned: 12|/dev/ndas-44812187-1
2013-01-19 08:09:28|netdisk.functions.php|isNdasDeviceEnabledRwOrRo|ntfs-3g.probe|returned: 12|NTFS signature is missing.
2013-01-19 08:09:28|netdisk.functions.php|isNdasDeviceEnabledRwOrRo|ntfs-3g.probe|returned: 12|/dev/ndas-44700486-0
2013-01-19 08:09:28|netdisk.functions.php|isNdasDeviceEnabledRwOrRo|ntfs-3g.probe|returned: 12|NTFS signature is missing.
2013-01-19 08:09:50|netdisk.functions.php|isNdasDeviceEnabledRwOrRo|ntfs-3g.probe|returned: 12|/dev/ndas-44812187-1
2013-01-19 08:09:50|netdisk.functions.php|isNdasDeviceEnabledRwOrRo|ntfs-3g.probe|returned: 12|NTFS signature is missing.
2013-01-19 08:09:50|netdisk.functions.php|isNdasDeviceEnabledRwOrRo|ntfs-3g.probe|returned: 12|/dev/ndas-44700486-0
2013-01-19 08:09:50|netdisk.functions.php|isNdasDeviceEnabledRwOrRo|ntfs-3g.probe|returned: 12|NTFS signature is missing.
2013-01-19 08:54:37|netdisk.functions.php|isNdasDeviceEnabledRwOrRo|ntfs-3g.probe|returned: 12|/dev/ndas-44812187-1
2013-01-19 08:54:37|netdisk.functions.php|isNdasDeviceEnabledRwOrRo|ntfs-3g.probe|returned: 12|NTFS signature is missing.
2013-01-19 08:54:44|netdisk.functions.php|isNdasDeviceEnabledRwOrRo|ntfs-3g.probe|returned: 12|/dev/ndas-44700486-0
2013-01-19 08:54:44|netdisk.functions.php|isNdasDeviceEnabledRwOrRo|ntfs-3g.probe|returned: 12|NTFS signature is missing.
2013-01-19 08:56:45|netdisk.functions.php|isNdasDeviceEnabledRwOrRo|ntfs-3g.probe|returned: 12|/dev/ndas-44812187-1
2013-01-19 08:56:45|netdisk.functions.php|isNdasDeviceEnabledRwOrRo|ntfs-3g.probe|returned: 12|NTFS signature is missing.
2013-01-19 08:56:45|netdisk.functions.php|isNdasDeviceEnabledRwOrRo|ntfs-3g.probe|returned: 12|/dev/ndas-44700486-0
2013-01-19 08:56:45|netdisk.functions.php|isNdasDeviceEnabledRwOrRo|ntfs-3g.probe|returned: 12|NTFS signature is missing.
|netdisk.functions.php|getNdasRegisteredNameFromSlot|.
|netdisk.functions.php|getNdasRegisteredNameFromSlot|.
|netdisk.functions.php|getNdasRegisteredNameFromSlot|.
2013-01-19 09:16:25|netdisk.functions.php|getNdasRegisteredNameFromSlot|.
|netdisk.functions.php|getNdasRegisteredNameFromSlot|.
2013-01-19 09:29:46|netdisk.functions.php|getNdasRegisteredNameFromSlot|.
|netdisk.functions.php|getNdasRegisteredNameFromSlot|.
2013-01-19 09:50:35|netdisk.functions.php|getNdasRegisteredNameFromSlot|.
|netdisk.functions.php|getNdasRegisteredNameFromSlot|.
2013-01-19 09:52:23|netdisk.functions.php|getNdasRegisteredNameFromSlot|.
2013-01-19 09:52:53|netdisk.functions.php|getNdasRegisteredNameFromSlot|.
2013-01-19 09:58:42|netdisk.functions.php|getNdasRegisteredNameFromSlot|.
2013-01-19 10:14:15|netdisk.functions.php|isNdasDeviceEnabledRwOrRo|ntfs-3g.probe|returned: 12|/dev/ndas-44812187-1
2013-01-19 10:14:15|netdisk.functions.php|isNdasDeviceEnabledRwOrRo|ntfs-3g.probe|returned: 12|NTFS signature is missing.
2013-01-19 10:14:22|netdisk.functions.php|isNdasDeviceEnabledRwOrRo|ntfs-3g.probe|returned: 12|/dev/ndas-44700486-0
2013-01-19 10:14:22|netdisk.functions.php|isNdasDeviceEnabledRwOrRo|ntfs-3g.probe|returned: 12|NTFS signature is missing.
2013-01-19 10:47:562013-01-19 10:47:56|netdisk.functions.php|isNdasDeviceEnabledRwOrRo|ntfs-3g.probe|returned: 12|/dev/ndas-44812187-1
2013-01-19 10:47:562013-01-19 10:47:56|netdisk.functions.php|isNdasDeviceEnabledRwOrRo|ntfs-3g.probe|returned: 12|NTFS signature is missing.
2013-01-19 10:48:032013-01-19 10:48:03|netdisk.functions.php|isNdasDeviceEnabledRwOrRo|ntfs-3g.probe|returned: 12|/dev/ndas-44700486-0
2013-01-19 10:48:032013-01-19 10:48:03|netdisk.functions.php|isNdasDeviceEnabledRwOrRo|ntfs-3g.probe|returned: 12|NTFS signature is missing.
2013-01-19 10:48:332013-01-19 10:48:33|netdisk.functions.php|isNdasDeviceEnabledRwOrRo|ntfs-3g.probe|returned: 12|/dev/ndas-44812187-1
2013-01-19 10:48:332013-01-19 10:48:33|netdisk.functions.php|isNdasDeviceEnabledRwOrRo|ntfs-3g.probe|returned: 12|NTFS signature is missing.
2013-01-19 10:48:332013-01-19 10:48:33|netdisk.functions.php|isNdasDeviceEnabledRwOrRo|ntfs-3g.probe|returned: 12|/dev/ndas-44700486-0
2013-01-19 10:48:332013-01-19 10:48:33|netdisk.functions.php|isNdasDeviceEnabledRwOrRo|ntfs-3g.probe|returned: 12|NTFS signature is missing.
